#
# A fatal error has been detected by the Java Runtime Environment:
#
#  EXCEPTION_ACCESS_VIOLATION (0xc0000005) at pc=0x0000000075d909b2, pid=23384, tid=0x00000000000043f4
#
# JRE version: Java(TM) SE Runtime Environment (8.0_221-b11) (build 1.8.0_221-b11)
# Java VM: Java HotSpot(TM) 64-Bit Server VM (25.221-b11 mixed mode windows-amd64 compressed oops)
# Problematic frame:
# V  [jvm.dll+0xb09b2]
#
# Failed to write core dump. Minidumps are not enabled by default on client versions of Windows
#
# If you would like to submit a bug report, please visit:
#   http://bugreport.java.com/bugreport/crash.jsp
#

---------------  T H R E A D  ---------------

Current thread (0x0000000002b1e000):  GCTaskThread [stack: 0x0000000013cd0000,0x0000000013dd0000] [id=17396]

siginfo: ExceptionCode=0xc0000005, reading address 0x00000000000000e8

Registers:
RAX=0x0000000000000000, RBX=0x000000077475fda0, RCX=0x00000007c01380b0, RDX=0x000000077475fda0
RSP=0x0000000013dcf428, RBP=0x0000000000000000, RSI=0x00000000232011c0, RDI=0x000000002c182df0
R8 =0x0000000000000000, R9 =0x00000007c01380b0, R10=0x0000000000000008, R11=0x00000007730a8838
R12=0x000000007633c9f8, R13=0x000000000000001d, R14=0x0000000000000000, R15=0x0000000002b1e2e0
RIP=0x0000000075d909b2, EFLAGS=0x0000000000010246

Top of Stack: (sp=0x0000000013dcf428)
0x0000000013dcf428:   00000000760e4552 000000077475fd88
0x0000000013dcf438:   0000000000000003 00000000232011c0
0x0000000013dcf448:   0000000075dcd20a 0000000700000000
0x0000000013dcf458:   0000000075df5627 00000000232011c0
0x0000000013dcf468:   0000000075df3d03 0000000000000000
0x0000000013dcf478:   0000000002b19701 000000007633c9f8
0x0000000013dcf488:   00000000760e48c0 00000007730a5164
0x0000000013dcf498:   0000000000000000 00000000232011c0
0x0000000013dcf4a8:   000000002c182df0 00000007730a5164
0x0000000013dcf4b8:   00000000760e5295 000000001220299a
0x0000000013dcf4c8:   00000000760d4f5f 000000001220299a
0x0000000013dcf4d8:   0000000012202a01 0000000648533400
0x0000000013dcf4e8:   0000000075ef7d5d 0000000012202c80
0x0000000013dcf4f8:   0000000012202aba 0000000000000680
0x0000000013dcf508:   0000000000000380 0000000002af1fe0
0x0000000013dcf518:   0000000075efe9d2 0000000002b1e000 

Instructions: (pc=0x0000000075d909b2)
0x0000000075d90992:   e2 49 8d 0c 11 49 f7 d1 48 03 c1 49 c1 e9 03 48
0x0000000075d909a2:   c1 e8 03 41 23 c1 c3 48 8b 02 48 8b d1 49 8b c9
0x0000000075d909b2:   48 ff a0 e8 00 00 00 cc cc cc cc cc cc cc 80 3d
0x0000000075d909c2:   7a 5f 76 00 00 48 8b c1 74 1b 8b 51 08 8b 0d 93 


Register to memory mapping:

RAX=0x0000000000000000 is an unknown value
RBX=0x000000077475fda0 is an oop

[error occurred during error reporting (printing register info), id 0xc0000005]

Stack: [0x0000000013cd0000,0x0000000013dd0000],  sp=0x0000000013dcf428,  free space=1021k
Native frames: (J=compiled Java code, j=interpreted, Vv=VM code, C=native code)


---------------  P R O C E S S  ---------------

Java Threads: ( => current thread )
  0x000000002bcfb000 JavaThread "AsyncResolver-bootstrap-executor-0" daemon [_thread_blocked, id=4640, stack(0x0000000027e70000,0x0000000027f70000)]
  0x000000002bcf8000 JavaThread "logback-101" daemon [_thread_blocked, id=24460, stack(0x0000000030d10000,0x0000000030e10000)]
  0x000000002bcfd000 JavaThread "logback-100" daemon [_thread_blocked, id=23580, stack(0x0000000030c10000,0x0000000030d10000)]
  0x000000002bcf7000 JavaThread "logback-99" daemon [_thread_blocked, id=14672, stack(0x0000000030b10000,0x0000000030c10000)]
  0x000000002bcf9800 JavaThread "logback-98" daemon [_thread_blocked, id=15572, stack(0x0000000030a10000,0x0000000030b10000)]
  0x000000002bcfc800 JavaThread "DiscoveryClient-HeartbeatExecutor-0" daemon [_thread_blocked, id=23380, stack(0x0000000030910000,0x0000000030a10000)]
  0x000000002bcfa000 JavaThread "DiscoveryClient-CacheRefreshExecutor-0" daemon [_thread_blocked, id=6608, stack(0x0000000030810000,0x0000000030910000)]
  0x000000002bcfe000 JavaThread "logback-97" daemon [_thread_blocked, id=5824, stack(0x0000000030710000,0x0000000030810000)]
  0x000000002bcfb800 JavaThread "logback-96" daemon [_thread_blocked, id=21548, stack(0x0000000030310000,0x0000000030410000)]
  0x000000002bcef800 JavaThread "logback-95" daemon [_thread_blocked, id=21816, stack(0x0000000027b70000,0x0000000027c70000)]
  0x000000002bcf3800 JavaThread "http-nio-8001-Acceptor-0" daemon [_thread_in_native, id=2568, stack(0x0000000030510000,0x0000000030610000)]
  0x000000002bcf6800 JavaThread "http-nio-8001-ClientPoller-1" daemon [_thread_in_native, id=22992, stack(0x0000000030410000,0x0000000030510000)]
  0x000000002bcf4000 JavaThread "http-nio-8001-ClientPoller-0" daemon [_thread_in_native, id=10764, stack(0x0000000030210000,0x0000000030310000)]
  0x000000002bcf1000 JavaThread "http-nio-8001-exec-10" daemon [_thread_blocked, id=16012, stack(0x0000000030110000,0x0000000030210000)]
  0x000000002bcf2800 JavaThread "http-nio-8001-exec-9" daemon [_thread_blocked, id=1940, stack(0x0000000030010000,0x0000000030110000)]
  0x000000002bcef000 JavaThread "http-nio-8001-exec-8" daemon [_thread_blocked, id=2040, stack(0x000000002ff10000,0x0000000030010000)]
  0x000000002bcf5800 JavaThread "http-nio-8001-exec-7" daemon [_thread_blocked, id=16312, stack(0x000000002fe10000,0x000000002ff10000)]
  0x000000002b8e2000 JavaThread "http-nio-8001-exec-6" daemon [_thread_blocked, id=552, stack(0x000000002fd10000,0x000000002fe10000)]
  0x000000002b8e1800 JavaThread "http-nio-8001-exec-5" daemon [_thread_blocked, id=15668, stack(0x000000002fc10000,0x000000002fd10000)]
  0x000000002b8e0000 JavaThread "http-nio-8001-exec-4" daemon [_thread_blocked, id=13976, stack(0x000000002f8e0000,0x000000002f9e0000)]
  0x000000002b8de800 JavaThread "http-nio-8001-exec-3" daemon [_thread_blocked, id=19400, stack(0x000000002f7e0000,0x000000002f8e0000)]
  0x000000002b8e3000 JavaThread "http-nio-8001-exec-2" daemon [_thread_blocked, id=17656, stack(0x000000002f6e0000,0x000000002f7e0000)]
  0x000000002b8e0800 JavaThread "http-nio-8001-exec-1" daemon [_thread_blocked, id=22600, stack(0x000000002f5e0000,0x000000002f6e0000)]
  0x000000002b8d8800 JavaThread "NioBlockingSelector.BlockPoller-13" daemon [_thread_in_native, id=19020, stack(0x000000002f4e0000,0x000000002f5e0000)]
  0x000000002b8dd800 JavaThread "DiscoveryClient-InstanceInfoReplicator-0" daemon [_thread_blocked, id=6580, stack(0x000000002f3e0000,0x000000002f4e0000)]
  0x000000002b8da000 JavaThread "DiscoveryClient-1" daemon [_thread_blocked, id=14584, stack(0x000000002f2e0000,0x000000002f3e0000)]
  0x000000002b8df000 JavaThread "DiscoveryClient-0" daemon [_thread_blocked, id=3916, stack(0x000000002f1e0000,0x000000002f2e0000)]
  0x000000002b8dd000 JavaThread "AsyncResolver-bootstrap-0" daemon [_thread_blocked, id=23812, stack(0x000000002f0e0000,0x000000002f1e0000)]
  0x000000002b8dc000 JavaThread "Eureka-JerseyClient-Conn-Cleaner2" daemon [_thread_blocked, id=20692, stack(0x0000000000b10000,0x0000000000c10000)]
  0x000000002b8d5800 JavaThread "File Watcher" daemon [_thread_blocked, id=4684, stack(0x000000002da10000,0x000000002db10000)]
  0x000000002b8d4800 JavaThread "Druid-ConnectionPool-Destroy-1287499910" daemon [_thread_blocked, id=19888, stack(0x000000002d510000,0x000000002d610000)]
  0x000000002b8da800 JavaThread "Druid-ConnectionPool-Create-1287499910" daemon [_thread_blocked, id=24516, stack(0x0000000028b70000,0x0000000028c70000)]
  0x000000002b8d7800 JavaThread "container-0" [_thread_blocked, id=18104, stack(0x000000002c610000,0x000000002c710000)]
  0x000000002b8d9000 JavaThread "Catalina-utility-2" [_thread_blocked, id=24256, stack(0x000000002b540000,0x000000002b640000)]
  0x000000002b8db800 JavaThread "Catalina-utility-1" [_thread_blocked, id=3148, stack(0x000000002b040000,0x000000002b140000)]
  0x0000000026e83800 JavaThread "spring.cloud.inetutils" daemon [_thread_blocked, id=18664, stack(0x000000002ab40000,0x000000002ac40000)]
  0x0000000026e80800 JavaThread "logback-94" daemon [_thread_blocked, id=20340, stack(0x0000000000910000,0x0000000000a10000)]
  0x000000002bcf5000 JavaThread "DestroyJavaVM" [_thread_blocked, id=3288, stack(0x00000000029f0000,0x0000000002af0000)]
  0x000000002b8d6000 JavaThread "OracleTimeoutPollingThread" daemon [_thread_blocked, id=9632, stack(0x000000002cc10000,0x000000002cd10000)]
  0x0000000026e85000 JavaThread "InterruptTimer" daemon [_thread_blocked, id=22776, stack(0x000000002c910000,0x000000002ca10000)]
  0x0000000026e84000 JavaThread "oracle.jdbc.driver.BlockSource.ThreadedCachingBlockSource.BlockReleaser" daemon [_thread_blocked, id=23928, stack(0x000000002c810000,0x000000002c910000)]
  0x0000000026e7f800 JavaThread "Timer-0" daemon [_thread_blocked, id=18988, stack(0x000000002c710000,0x000000002c810000)]
  0x00000000253ff800 JavaThread "RxIoScheduler-1 (Evictor)" daemon [_thread_blocked, id=14764, stack(0x0000000028470000,0x0000000028570000)]
  0x0000000026f90800 JavaThread "RMI Scheduler(0)" daemon [_thread_blocked, id=23728, stack(0x0000000027f70000,0x0000000028070000)]
  0x00000000265fc000 JavaThread "RMI TCP Accept-0" daemon [_thread_in_native, id=19064, stack(0x00000000274c0000,0x00000000275c0000)]
  0x00000000254f3800 JavaThread "Service Thread" daemon [_thread_blocked, id=20996, stack(0x00000000262f0000,0x00000000263f0000)]
  0x00000000253fd800 JavaThread "C1 CompilerThread11" daemon [_thread_blocked, id=17956, stack(0x00000000261f0000,0x00000000262f0000)]
  0x00000000253fb000 JavaThread "C1 CompilerThread10" daemon [_thread_blocked, id=20772, stack(0x00000000260f0000,0x00000000261f0000)]
  0x00000000253ff000 JavaThread "C1 CompilerThread9" daemon [_thread_blocked, id=3804, stack(0x0000000025ff0000,0x00000000260f0000)]
  0x00000000253fa800 JavaThread "C1 CompilerThread8" daemon [_thread_blocked, id=23232, stack(0x0000000025ef0000,0x0000000025ff0000)]
  0x00000000253fc800 JavaThread "C2 CompilerThread7" daemon [_thread_blocked, id=988, stack(0x0000000025df0000,0x0000000025ef0000)]
  0x00000000253f9800 JavaThread "C2 CompilerThread6" daemon [_thread_blocked, id=16048, stack(0x0000000025cf0000,0x0000000025df0000)]
  0x00000000253f9000 JavaThread "C2 CompilerThread5" daemon [_thread_blocked, id=17868, stack(0x0000000025bf0000,0x0000000025cf0000)]
  0x00000000253fc000 JavaThread "C2 CompilerThread4" daemon [_thread_blocked, id=23056, stack(0x0000000025af0000,0x0000000025bf0000)]
  0x00000000253e2000 JavaThread "C2 CompilerThread3" daemon [_thread_blocked, id=564, stack(0x00000000259f0000,0x0000000025af0000)]
  0x00000000253d6800 JavaThread "C2 CompilerThread2" daemon [_thread_blocked, id=1884, stack(0x00000000258f0000,0x00000000259f0000)]
  0x00000000253d5800 JavaThread "C2 CompilerThread1" daemon [_thread_blocked, id=18740, stack(0x00000000257f0000,0x00000000258f0000)]
  0x00000000253d3000 JavaThread "C2 CompilerThread0" daemon [_thread_blocked, id=10332, stack(0x00000000256f0000,0x00000000257f0000)]
  0x0000000025391000 JavaThread "Monitor Ctrl-Break" daemon [_thread_in_native, id=24144, stack(0x00000000255f0000,0x00000000256f0000)]
  0x00000000232a7800 JavaThread "Attach Listener" daemon [_thread_blocked, id=24248, stack(0x0000000024cf0000,0x0000000024df0000)]
  0x000000002324f000 JavaThread "Signal Dispatcher" daemon [_thread_blocked, id=24064, stack(0x0000000024bf0000,0x0000000024cf0000)]
  0x00000000217bb000 JavaThread "Finalizer" daemon [_thread_blocked, id=14064, stack(0x0000000024a90000,0x0000000024b90000)]
  0x0000000023226000 JavaThread "Reference Handler" daemon [_thread_blocked, id=19184, stack(0x0000000024990000,0x0000000024a90000)]

Other Threads:
  0x0000000023204800 VMThread [stack: 0x0000000024890000,0x0000000024990000] [id=22852]
  0x0000000026603800 WatcherThread [stack: 0x00000000275c0000,0x00000000276c0000] [id=5112]

=>0x0000000002b1e000 (exited) GCTaskThread [stack: 0x0000000013cd0000,0x0000000013dd0000] [id=17396]

VM state:at safepoint (normal execution)

VM Mutex/Monitor currently owned by a thread:  ([mutex/lock_event])
[0x0000000002af0fd0] Threads_lock - owner thread: 0x0000000023204800
[0x0000000002af0d50] Heap_lock - owner thread: 0x000000002b8de800

heap address: 0x0000000642000000, size: 6112 MB, Compressed Oops mode: Zero based, Oop shift amount: 3
Narrow klass base: 0x0000000000000000, Narrow klass shift: 3
Compressed class space size: 1073741824 Address: 0x00000007c0000000

Heap:
 PSYoungGen      total 655360K, used 655250K [0x0000000740b00000, 0x0000000774e80000, 0x00000007c0000000)
  eden space 646144K, 100% used [0x0000000740b00000,0x0000000768200000,0x0000000768200000)
  from space 9216K, 98% used [0x0000000774580000,0x0000000774e64878,0x0000000774e80000)
  to   space 16384K, 50% used [0x0000000772e80000,0x000000077368c878,0x0000000773e80000)
 ParOldGen       total 207360K, used 103780K [0x0000000642000000, 0x000000064ea80000, 0x0000000740b00000)
  object space 207360K, 50% used [0x0000000642000000,0x0000000648559338,0x000000064ea80000)
 Metaspace       used 74341K, capacity 79232K, committed 79488K, reserved 1118208K
  class space    used 10119K, capacity 11079K, committed 11136K, reserved 1048576K

Card table byte_map: [0x00000000121d0000,0x0000000012dd0000] byte_map_base: 0x000000000efc0000

Marking Bits: (ParMarkBitMap*) 0x0000000076505ce0
 Begin Bits: [0x00000000142d0000, 0x000000001a250000)
 End Bits:   [0x000000001a250000, 0x00000000201d0000)

Polling page: 0x00000000007e0000

CodeCache: size=245760Kb used=26669Kb max_used=26669Kb free=219090Kb
 bounds [0x0000000002e10000, 0x0000000004820000, 0x0000000011e10000]
 total_blobs=13436 nmethods=12819 adapters=526
 compilation: enabled

Compilation events (10 events):
Event: 12502.316 Thread 0x00000000253fb000 nmethod 12961 0x0000000004817910 code [0x0000000004817c80, 0x0000000004818d68]
Event: 12502.316 Thread 0x00000000253fa800 12971       1       org.apache.coyote.http11.Http11OutputBuffer::addActiveFilter (91 bytes)
Event: 12502.316 Thread 0x00000000253fb000 12972       1       javax.servlet.http.HttpServletRequestWrapper::getUserPrincipal (10 bytes)
Event: 12502.316 Thread 0x00000000253fb000 nmethod 12972 0x000000000481a1d0 code [0x000000000481a340, 0x000000000481a4c8]
Event: 12502.316 Thread 0x00000000253fb000 12973       1       org.apache.catalina.core.StandardEngine::logAccess (268 bytes)
Event: 12502.316 Thread 0x00000000253fa800 nmethod 12971 0x000000000481a590 code [0x000000000481a720, 0x000000000481aa28]
Event: 12502.316 Thread 0x00000000253fa800 12974   !   1       org.apache.catalina.connector.Request::recycle (337 bytes)
Event: 12502.317 Thread 0x00000000253ff000 nmethod 12966 0x000000000481ac90 code [0x000000000481afc0, 0x000000000481c028]
Event: 12502.317 Thread 0x00000000253fa800 nmethod 12974 0x000000000481d490 code [0x000000000481d6a0, 0x000000000481dc78]
Event: 12502.317 Thread 0x00000000253fb000 nmethod 12973 0x000000000481e010 code [0x000000000481e2a0, 0x000000000481f018]

GC Heap History (10 events):
Event: 2079.938 GC heap after
Heap after GC invocations=37 (full 14):
 PSYoungGen      total 682496K, used 9056K [0x0000000740b00000, 0x000000076bf80000, 0x00000007c0000000)
  eden space 673280K, 0% used [0x0000000740b00000,0x0000000740b00000,0x0000000769c80000)
  from space 9216K, 98% used [0x0000000769c80000,0x000000076a5583d8,0x000000076a580000)
  to   space 17920K, 0% used [0x000000076ae00000,0x000000076ae00000,0x000000076bf80000)
 ParOldGen       total 207360K, used 98102K [0x0000000642000000, 0x000000064ea80000, 0x0000000740b00000)
  object space 207360K, 47% used [0x0000000642000000,0x0000000647fcd9a8,0x000000064ea80000)
 Metaspace       used 73553K, capacity 78422K, committed 78720K, reserved 1116160K
  class space    used 10092K, capacity 11030K, committed 11136K, reserved 1048576K
}
Event: 2079.938 GC heap before
{Heap before GC invocations=38 (full 15):
 PSYoungGen      total 682496K, used 9056K [0x0000000740b00000, 0x000000076bf80000, 0x00000007c0000000)
  eden space 673280K, 0% used [0x0000000740b00000,0x0000000740b00000,0x0000000769c80000)
  from space 9216K, 98% used [0x0000000769c80000,0x000000076a5583d8,0x000000076a580000)
  to   space 17920K, 0% used [0x000000076ae00000,0x000000076ae00000,0x000000076bf80000)
 ParOldGen       total 207360K, used 98102K [0x0000000642000000, 0x000000064ea80000, 0x0000000740b00000)
  object space 207360K, 47% used [0x0000000642000000,0x0000000647fcd9a8,0x000000064ea80000)
 Metaspace       used 73553K, capacity 78422K, committed 78720K, reserved 1116160K
  class space    used 10092K, capacity 11030K, committed 11136K, reserved 1048576K
Event: 2080.141 GC heap after
Heap after GC invocations=38 (full 15):
 PSYoungGen      total 682496K, used 0K [0x0000000740b00000, 0x000000076bf80000, 0x00000007c0000000)
  eden space 673280K, 0% used [0x0000000740b00000,0x0000000740b00000,0x0000000769c80000)
  from space 9216K, 0% used [0x0000000769c80000,0x0000000769c80000,0x000000076a580000)
  to   space 17920K, 0% used [0x000000076ae00000,0x000000076ae00000,0x000000076bf80000)
 ParOldGen       total 207360K, used 103748K [0x0000000642000000, 0x000000064ea80000, 0x0000000740b00000)
  object space 207360K, 50% used [0x0000000642000000,0x0000000648551338,0x000000064ea80000)
 Metaspace       used 73553K, capacity 78422K, committed 78720K, reserved 1116160K
  class space    used 10092K, capacity 11030K, committed 11136K, reserved 1048576K
}
Event: 3288.007 GC heap before
{Heap before GC invocations=39 (full 15):
 PSYoungGen      total 682496K, used 673280K [0x0000000740b00000, 0x000000076bf80000, 0x00000007c0000000)
  eden space 673280K, 100% used [0x0000000740b00000,0x0000000769c80000,0x0000000769c80000)
  from space 9216K, 0% used [0x0000000769c80000,0x0000000769c80000,0x000000076a580000)
  to   space 17920K, 0% used [0x000000076ae00000,0x000000076ae00000,0x000000076bf80000)
 ParOldGen       total 207360K, used 103748K [0x0000000642000000, 0x000000064ea80000, 0x0000000740b00000)
  object space 207360K, 50% used [0x0000000642000000,0x0000000648551338,0x000000064ea80000)
 Metaspace       used 73830K, capacity 78780K, committed 78976K, reserved 1118208K
  class space    used 10118K, capacity 11079K, committed 11136K, reserved 1048576K
Event: 3288.014 GC heap after
Heap after GC invocations=39 (full 15):
 PSYoungGen      total 691200K, used 11430K [0x0000000740b00000, 0x0000000777400000, 0x00000007c0000000)
  eden space 673280K, 0% used [0x0000000740b00000,0x0000000740b00000,0x0000000769c80000)
  from space 17920K, 63% used [0x000000076ae00000,0x000000076b9299c0,0x000000076bf80000)
  to   space 17920K, 0% used [0x0000000769c80000,0x0000000769c80000,0x000000076ae00000)
 ParOldGen       total 207360K, used 103756K [0x0000000642000000, 0x000000064ea80000, 0x0000000740b00000)
  object space 207360K, 50% used [0x0000000642000000,0x0000000648553338,0x000000064ea80000)
 Metaspace       used 73830K, capacity 78780K, committed 78976K, reserved 1118208K
  class space    used 10118K, capacity 11079K, committed 11136K, reserved 1048576K
}
Event: 6756.695 GC heap before
{Heap before GC invocations=40 (full 15):
 PSYoungGen      total 691200K, used 684710K [0x0000000740b00000, 0x0000000777400000, 0x00000007c0000000)
  eden space 673280K, 100% used [0x0000000740b00000,0x0000000769c80000,0x0000000769c80000)
  from space 17920K, 63% used [0x000000076ae00000,0x000000076b9299c0,0x000000076bf80000)
  to   space 17920K, 0% used [0x0000000769c80000,0x0000000769c80000,0x000000076ae00000)
 ParOldGen       total 207360K, used 103756K [0x0000000642000000, 0x000000064ea80000, 0x0000000740b00000)
  object space 207360K, 50% used [0x0000000642000000,0x0000000648553338,0x000000064ea80000)
 Metaspace       used 73830K, capacity 78780K, committed 78976K, reserved 1118208K
  class space    used 10118K, capacity 11079K, committed 11136K, reserved 1048576K
Event: 6756.702 GC heap after
Heap after GC invocations=40 (full 15):
 PSYoungGen      total 691200K, used 8978K [0x0000000740b00000, 0x0000000775600000, 0x00000007c0000000)
  eden space 673280K, 0% used [0x0000000740b00000,0x0000000740b00000,0x0000000769c80000)
  from space 17920K, 50% used [0x0000000769c80000,0x000000076a544858,0x000000076ae00000)
  to   space 16896K, 0% used [0x0000000774580000,0x0000000774580000,0x0000000775600000)
 ParOldGen       total 207360K, used 103764K [0x0000000642000000, 0x000000064ea80000, 0x0000000740b00000)
  object space 207360K, 50% used [0x0000000642000000,0x0000000648555338,0x000000064ea80000)
 Metaspace       used 73830K, capacity 78780K, committed 78976K, reserved 1118208K
  class space    used 10118K, capacity 11079K, committed 11136K, reserved 1048576K
}
Event: 10114.640 GC heap before
{Heap before GC invocations=41 (full 15):
 PSYoungGen      total 691200K, used 682258K [0x0000000740b00000, 0x0000000775600000, 0x00000007c0000000)
  eden space 673280K, 100% used [0x0000000740b00000,0x0000000769c80000,0x0000000769c80000)
  from space 17920K, 50% used [0x0000000769c80000,0x000000076a544858,0x000000076ae00000)
  to   space 16896K, 0% used [0x0000000774580000,0x0000000774580000,0x0000000775600000)
 ParOldGen       total 207360K, used 103764K [0x0000000642000000, 0x000000064ea80000, 0x0000000740b00000)
  object space 207360K, 50% used [0x0000000642000000,0x0000000648555338,0x000000064ea80000)
 Metaspace       used 73858K, capacity 78780K, committed 78976K, reserved 1118208K
  class space    used 10118K, capacity 11079K, committed 11136K, reserved 1048576K
Event: 10114.646 GC heap after
Heap after GC invocations=41 (full 15):
 PSYoungGen      total 655360K, used 9106K [0x0000000740b00000, 0x0000000774e80000, 0x00000007c0000000)
  eden space 646144K, 0% used [0x0000000740b00000,0x0000000740b00000,0x0000000768200000)
  from space 9216K, 98% used [0x0000000774580000,0x0000000774e64878,0x0000000774e80000)
  to   space 16384K, 0% used [0x0000000772e80000,0x0000000772e80000,0x0000000773e80000)
 ParOldGen       total 207360K, used 103772K [0x0000000642000000, 0x000000064ea80000, 0x0000000740b00000)
  object space 207360K, 50% used [0x0000000642000000,0x0000000648557338,0x000000064ea80000)
 Metaspace       used 73858K, capacity 78780K, committed 78976K, reserved 1118208K
  class space    used 10118K, capacity 11079K, committed 11136K, reserved 1048576K
}
Event: 12546.298 GC heap before
{Heap before GC invocations=42 (full 15):
 PSYoungGen      total 655360K, used 655250K [0x0000000740b00000, 0x0000000774e80000, 0x00000007c0000000)
  eden space 646144K, 100% used [0x0000000740b00000,0x0000000768200000,0x0000000768200000)
  from space 9216K, 98% used [0x0000000774580000,0x0000000774e64878,0x0000000774e80000)
  to   space 16384K, 0% used [0x0000000772e80000,0x0000000772e80000,0x0000000773e80000)
 ParOldGen       total 207360K, used 103772K [0x0000000642000000, 0x000000064ea80000, 0x0000000740b00000)
  object space 207360K, 50% used [0x0000000642000000,0x0000000648557338,0x000000064ea80000)
 Metaspace       used 74341K, capacity 79232K, committed 79488K, reserved 1118208K
  class space    used 10119K, capacity 11079K, committed 11136K, reserved 1048576K

Deoptimization events (0 events):
No events

Classes redefined (0 events):
No events

Internal exceptions (10 events):
Event: 12416.408 Thread 0x000000002bcfc800 Exception <a 'java/net/SocketTimeoutException': Read timed out> (0x0000000765953008) thrown at [C:\re\workspace\8-2-build-windows-amd64-cygwin\jdk8u221\13320\hotspot\src\share\vm\prims\jni.cpp, line 736]
Event: 12416.424 Thread 0x000000002bcfa000 Exception <a 'java/net/SocketTimeoutException': Read timed out> (0x0000000765a1dab8) thrown at [C:\re\workspace\8-2-build-windows-amd64-cygwin\jdk8u221\13320\hotspot\src\share\vm\prims\jni.cpp, line 736]
Event: 12446.440 Thread 0x000000002bcfc800 Exception <a 'java/net/SocketTimeoutException': Read timed out> (0x0000000766658310) thrown at [C:\re\workspace\8-2-build-windows-amd64-cygwin\jdk8u221\13320\hotspot\src\share\vm\prims\jni.cpp, line 736]
Event: 12446.456 Thread 0x000000002bcfa000 Exception <a 'java/net/SocketTimeoutException': Read timed out> (0x0000000765aba290) thrown at [C:\re\workspace\8-2-build-windows-amd64-cygwin\jdk8u221\13320\hotspot\src\share\vm\prims\jni.cpp, line 736]
Event: 12476.468 Thread 0x000000002bcfc800 Exception <a 'java/net/SocketTimeoutException': Read timed out> (0x00000007666dd470) thrown at [C:\re\workspace\8-2-build-windows-amd64-cygwin\jdk8u221\13320\hotspot\src\share\vm\prims\jni.cpp, line 736]
Event: 12476.483 Thread 0x000000002bcfa000 Exception <a 'java/net/SocketTimeoutException': Read timed out> (0x00000007667b2bf0) thrown at [C:\re\workspace\8-2-build-windows-amd64-cygwin\jdk8u221\13320\hotspot\src\share\vm\prims\jni.cpp, line 736]
Event: 12506.487 Thread 0x000000002bcfc800 Exception <a 'java/net/SocketTimeoutException': Read timed out> (0x0000000767104a88) thrown at [C:\re\workspace\8-2-build-windows-amd64-cygwin\jdk8u221\13320\hotspot\src\share\vm\prims\jni.cpp, line 736]
Event: 12506.502 Thread 0x000000002bcfa000 Exception <a 'java/net/SocketTimeoutException': Read timed out> (0x0000000767af7f08) thrown at [C:\re\workspace\8-2-build-windows-amd64-cygwin\jdk8u221\13320\hotspot\src\share\vm\prims\jni.cpp, line 736]
Event: 12536.508 Thread 0x000000002bcfc800 Exception <a 'java/net/SocketTimeoutException': Read timed out> (0x0000000767189be8) thrown at [C:\re\workspace\8-2-build-windows-amd64-cygwin\jdk8u221\13320\hotspot\src\share\vm\prims\jni.cpp, line 736]
Event: 12536.524 Thread 0x000000002bcfa000 Exception <a 'java/net/SocketTimeoutException': Read timed out> (0x0000000767b946e0) thrown at [C:\re\workspace\8-2-build-windows-amd64-cygwin\jdk8u221\13320\hotspot\src\share\vm\prims\jni.cpp, line 736]

Events (10 events):
Event: 12513.359 Executing VM operation: RevokeBias done
Event: 12523.363 Executing VM operation: RevokeBias
Event: 12523.364 Executing VM operation: RevokeBias done
Event: 12533.377 Executing VM operation: RevokeBias
Event: 12533.377 Executing VM operation: RevokeBias done
Event: 12542.305 Executing VM operation: BulkRevokeBias
Event: 12542.305 Executing VM operation: BulkRevokeBias done
Event: 12543.379 Executing VM operation: RevokeBias
Event: 12543.379 Executing VM operation: RevokeBias done
Event: 12546.297 Executing VM operation: ParallelGCFailedAllocation


Dynamic libraries:
0x00007ff7a2240000 - 0x00007ff7a2277000 	E:\JDK\jdk1.8.0_221\bin\java.exe
0x00007ffa73a90000 - 0x00007ffa73c85000 	C:\WINDOWS\SYSTEM32\ntdll.dll
0x00007ffa71ea0000 - 0x00007ffa71f5e000 	C:\WINDOWS\System32\KERNEL32.DLL
0x00007ffa711b0000 - 0x00007ffa71478000 	C:\WINDOWS\System32\KERNELBASE.dll
0x00007ffa729f0000 - 0x00007ffa72a9c000 	C:\WINDOWS\System32\ADVAPI32.dll
0x00007ffa73950000 - 0x00007ffa739ee000 	C:\WINDOWS\System32\msvcrt.dll
0x00007ffa72d70000 - 0x00007ffa72e0b000 	C:\WINDOWS\System32\sechost.dll
0x00007ffa71d60000 - 0x00007ffa71e8a000 	C:\WINDOWS\System32\RPCRT4.dll
0x00007ffa73720000 - 0x00007ffa738c1000 	C:\WINDOWS\System32\USER32.dll
0x00007ffa71ab0000 - 0x00007ffa71ad2000 	C:\WINDOWS\System32\win32u.dll
0x00007ffa720c0000 - 0x00007ffa720eb000 	C:\WINDOWS\System32\GDI32.dll
0x00007ffa71480000 - 0x00007ffa7158b000 	C:\WINDOWS\System32\gdi32full.dll
0x00007ffa717b0000 - 0x00007ffa7184d000 	C:\WINDOWS\System32\msvcp_win.dll
0x00007ffa71900000 - 0x00007ffa71a00000 	C:\WINDOWS\System32\ucrtbase.dll
0x00007ffa5e1f0000 - 0x00007ffa5e48a000 	C:\WINDOWS\WinSxS\amd64_microsoft.windows.common-controls_6595b64144ccf1df_6.0.19041.1110_none_60b5254171f9507e\COMCTL32.dll
0x00007ffa72d40000 - 0x00007ffa72d70000 	C:\WINDOWS\System32\IMM32.DLL
0x0000000076da0000 - 0x0000000076e72000 	E:\JDK\jdk1.8.0_221\jre\bin\msvcr100.dll
0x0000000075ce0000 - 0x0000000076585000 	E:\JDK\jdk1.8.0_221\jre\bin\server\jvm.dll
0x00007ffa71e90000 - 0x00007ffa71e98000 	C:\WINDOWS\System32\PSAPI.DLL
0x00007ffa5a440000 - 0x00007ffa5a449000 	C:\WINDOWS\SYSTEM32\WSOCK32.dll
0x00007ffa69810000 - 0x00007ffa6981a000 	C:\WINDOWS\SYSTEM32\VERSION.dll
0x00007ffa65050000 - 0x00007ffa65077000 	C:\WINDOWS\SYSTEM32\WINMM.dll
0x00007ffa738e0000 - 0x00007ffa7394b000 	C:\WINDOWS\System32\WS2_32.dll
0x00007ffa63570000 - 0x00007ffa6357f000 	E:\JDK\jdk1.8.0_221\jre\bin\verify.dll
0x00007ffa58520000 - 0x00007ffa58549000 	E:\JDK\jdk1.8.0_221\jre\bin\java.dll
0x00007ffa57230000 - 0x00007ffa57253000 	E:\JDK\jdk1.8.0_221\jre\bin\instrument.dll
0x00007ffa5c8d0000 - 0x00007ffa5c8e6000 	E:\JDK\jdk1.8.0_221\jre\bin\zip.dll
0x00007ffa720f0000 - 0x00007ffa7282f000 	C:\WINDOWS\System32\SHELL32.dll
0x00007ffa6f2b0000 - 0x00007ffa6fa40000 	C:\WINDOWS\SYSTEM32\windows.storage.dll
0x00007ffa72f40000 - 0x00007ffa73295000 	C:\WINDOWS\System32\combase.dll
0x00007ffa70c00000 - 0x00007ffa70c2e000 	C:\WINDOWS\SYSTEM32\Wldp.dll
0x00007ffa72be0000 - 0x00007ffa72c8d000 	C:\WINDOWS\System32\SHCORE.dll
0x00007ffa71b40000 - 0x00007ffa71b95000 	C:\WINDOWS\System32\shlwapi.dll
0x00007ffa710f0000 - 0x00007ffa7110f000 	C:\WINDOWS\SYSTEM32\profapi.dll
0x00007ffa578c0000 - 0x00007ffa578da000 	E:\IntelliJ IDEA 2021.3\bin\breakgen64.dll
0x00007ffa59460000 - 0x00007ffa5947a000 	E:\JDK\jdk1.8.0_221\jre\bin\net.dll
0x00007ffa61ff0000 - 0x00007ffa621db000 	C:\WINDOWS\SYSTEM32\urlmon.dll
0x00007ffa61fb0000 - 0x00007ffa61fd8000 	C:\WINDOWS\SYSTEM32\srvcli.dll
0x00007ffa706f0000 - 0x00007ffa706fc000 	C:\WINDOWS\SYSTEM32\netutils.dll
0x00007ffa65340000 - 0x00007ffa655f0000 	C:\WINDOWS\SYSTEM32\iertutil.dll
0x00007ffa70960000 - 0x00007ffa709ca000 	C:\WINDOWS\system32\mswsock.dll
0x00007ffa70620000 - 0x00007ffa706eb000 	C:\WINDOWS\SYSTEM32\DNSAPI.dll
0x00007ffa705e0000 - 0x00007ffa7061b000 	C:\WINDOWS\SYSTEM32\IPHLPAPI.DLL
0x00007ffa738d0000 - 0x00007ffa738d8000 	C:\WINDOWS\System32\NSI.dll
0x00007ffa61fe0000 - 0x00007ffa61fea000 	C:\Windows\System32\rasadhlp.dll
0x00007ffa65090000 - 0x00007ffa6510f000 	C:\WINDOWS\System32\fwpuclnt.dll
0x00007ffa716f0000 - 0x00007ffa71717000 	C:\WINDOWS\System32\bcrypt.dll
0x00007ffa632b0000 - 0x00007ffa632bd000 	E:\JDK\jdk1.8.0_221\jre\bin\management.dll
0x00007ffa58450000 - 0x00007ffa58462000 	E:\JDK\jdk1.8.0_221\jre\bin\nio.dll
0x00007ffa70b50000 - 0x00007ffa70b68000 	C:\WINDOWS\SYSTEM32\CRYPTSP.dll
0x00007ffa70210000 - 0x00007ffa70244000 	C:\WINDOWS\system32\rsaenh.dll
0x00007ffa710b0000 - 0x00007ffa710de000 	C:\WINDOWS\SYSTEM32\USERENV.dll
0x00007ffa71720000 - 0x00007ffa717a3000 	C:\WINDOWS\System32\bcryptprimitives.dll
0x00007ffa70b70000 - 0x00007ffa70b7c000 	C:\WINDOWS\SYSTEM32\CRYPTBASE.dll
0x00007ffa68f50000 - 0x00007ffa68f67000 	C:\WINDOWS\SYSTEM32\dhcpcsvc6.DLL
0x00007ffa68f30000 - 0x00007ffa68f4d000 	C:\WINDOWS\SYSTEM32\dhcpcsvc.DLL
0x00007ffa59290000 - 0x00007ffa592a7000 	C:\WINDOWS\system32\napinsp.dll
0x00007ffa59270000 - 0x00007ffa5928b000 	C:\WINDOWS\system32\pnrpnsp.dll
0x00007ffa6c080000 - 0x00007ffa6c095000 	C:\WINDOWS\system32\wshbth.dll
0x00007ffa6cbe0000 - 0x00007ffa6cbfd000 	C:\WINDOWS\system32\NLAapi.dll
0x00007ffa59380000 - 0x00007ffa59392000 	C:\WINDOWS\System32\winrnr.dll
0x00007ffa56ff0000 - 0x00007ffa57014000 	E:\JDK\jdk1.8.0_221\jre\bin\sunec.dll
0x00007ffa5ac70000 - 0x00007ffa5ae54000 	C:\WINDOWS\SYSTEM32\dbghelp.dll

VM Arguments:
jvm_args: -XX:TieredStopAtLevel=1 -Xverify:none -Dspring.output.ansi.enabled=always -javaagent:E:\IntelliJ IDEA 2021.3\lib\idea_rt.jar=53033:E:\IntelliJ IDEA 2021.3\bin -Dcom.sun.management.jmxremote -Dspring.jmx.enabled=true -Dspring.liveBeansView.mbeanDomain -Dspring.application.admin.enabled=true -Dfile.encoding=UTF-8 
java_command: com.trkj.framework.ProviderHystrix8001
java_class_path (initial): E:\JDK\jdk1.8.0_221\jre\lib\charsets.jar;E:\JDK\jdk1.8.0_221\jre\lib\deploy.jar;E:\JDK\jdk1.8.0_221\jre\lib\ext\access-bridge-64.jar;E:\JDK\jdk1.8.0_221\jre\lib\ext\cldrdata.jar;E:\JDK\jdk1.8.0_221\jre\lib\ext\dnsns.jar;E:\JDK\jdk1.8.0_221\jre\lib\ext\jaccess.jar;E:\JDK\jdk1.8.0_221\jre\lib\ext\jfxrt.jar;E:\JDK\jdk1.8.0_221\jre\lib\ext\localedata.jar;E:\JDK\jdk1.8.0_221\jre\lib\ext\nashorn.jar;E:\JDK\jdk1.8.0_221\jre\lib\ext\sunec.jar;E:\JDK\jdk1.8.0_221\jre\lib\ext\sunjce_provider.jar;E:\JDK\jdk1.8.0_221\jre\lib\ext\sunmscapi.jar;E:\JDK\jdk1.8.0_221\jre\lib\ext\sunpkcs11.jar;E:\JDK\jdk1.8.0_221\jre\lib\ext\zipfs.jar;E:\JDK\jdk1.8.0_221\jre\lib\javaws.jar;E:\JDK\jdk1.8.0_221\jre\lib\jce.jar;E:\JDK\jdk1.8.0_221\jre\lib\jfr.jar;E:\JDK\jdk1.8.0_221\jre\lib\jfxswt.jar;E:\JDK\jdk1.8.0_221\jre\lib\jsse.jar;E:\JDK\jdk1.8.0_221\jre\lib\management-agent.jar;E:\JDK\jdk1.8.0_221\jre\lib\plugin.jar;E:\JDK\jdk1.8.0_221\jre\lib\resources.jar;E:\JDK\jdk1.8.0_221\jre\lib\rt.jar;D:\编程资料\编程项目\IDEA项目\Project\framework_java_project\framework_provider_hystrix_8001\target\classes;D:\编程资料\编程项目\IDEA项目\Project\framework_java_project\framework_provider_hystrix_8001\src\main\resources\lib\standard.jar;D:\编程资料\编程项目\IDEA项目\Project\framework_java_project\framework_provider_hystrix_8001\src\main\resources\lib\gson-2.8.5.jar;D:\编程资料\编程项目\IDEA项目\Project\framework_java_project\framework_provider_hystrix_8001\src\main\resources\lib\json-20160810.jar;D:\编程资料\编程项目\IDEA项目\Project\framework_java_project\framework_provider_hystrix_8001\src\main\resources\lib\aip-java-sdk-4.15.1.jar;E:\jar\org\springframework\cloud\spring-cloud-starter-hystrix\1.4.5.RELEASE\spring-cloud-starter-hystrix-1.4.5.RELEASE.jar;E:\jar\org\springframework\cloud\spring-cloud-starter-netflix-hystrix\2.1.1.RELEASE\spring-cloud-starter-netflix-hystrix-2.1.1.RELEASE.jar;E:\jar\org\springframework\cloud\spring-cloud-starter\2.1.1.RELEASE\spring-cloud-starter-2
Launcher Type: SUN_STANDARD

Environment Variables:
JAVA_HOME=E:\JDK\jdk1.8.0_221
PATH=E:\VMware\bin\;E:\Orcle\product\11.2.0\dbhome_1\bin;C:\WINDOWS\system32;C:\WINDOWS;C:\WINDOWS\System32\Wbem;C:\WINDOWS\System32\WindowsPowerShell\v1.0\;C:\WINDOWS\System32\OpenSSH\;E:\Redis\;C:\Program Files\MySQL\MySQL Utilities 1.6\;E:\JDK\jdk1.8.0_221\bin;E:\JDK\jdk1.8.0_221\jre\bin;E:\Maven\apache-maven-3.8.3\bin;E:\MySQL Server 5.7\bin;E:\node\;E:\node;E:\node\node_modules;E:\node\node_global\;E:\Git\cmd;C:\Users\13795\AppData\Local\Programs\Python\Python39\Scripts\;C:\Users\13795\AppData\Local\Programs\Python\Python39\;C:\Users\13795\AppData\Local\Microsoft\WindowsApps;E:\Bandizip\;E:\Microsoft VS Code\bin;E:\IntelliJ IDEA 2021.3\bin;;E:\WebStorm 2021.3\bin;;C:\Users\13795\AppData\Roaming\npm
USERNAME=13795
OS=Windows_NT
PROCESSOR_IDENTIFIER=AMD64 Family 23 Model 96 Stepping 1, AuthenticAMD



---------------  S Y S T E M  ---------------

OS: Windows 10.0 , 64 bit Build 19041 (10.0.19041.1348)

CPU:total 16 (initial active 16) (16 cores per cpu, 1 threads per core) family 23 model 96 stepping 1, cmov, cx8, fxsr, mmx, sse, sse2, sse3, ssse3, sse4.1, sse4.2, popcnt, avx, avx2, aes, clmul, mmxext, 3dnowpref, lzcnt, sse4a, tsc, tscinvbit, tscinv, bmi1

Memory: 4k page, physical 25032004k(11592268k free), swap 50063684k(16685308k free)

vm_info: Java HotSpot(TM) 64-Bit Server VM (25.221-b11) for windows-amd64 JRE (1.8.0_221-b11), built on Jul  4 2019 04:39:29 by "java_re" with MS VC++ 10.0 (VS2010)

time: Tue Dec 07 17:32:40 2021
timezone: 中国标准时间
elapsed time: 12546 seconds (0d 3h 29m 6s)

