#
# A fatal error has been detected by the Java Runtime Environment:
#
#  EXCEPTION_ACCESS_VIOLATION (0xc0000005) at pc=0x0000000068984d07, pid=20840, tid=0x00000000000043c4
#
# JRE version: Java(TM) SE Runtime Environment (8.0_221-b11) (build 1.8.0_221-b11)
# Java VM: Java HotSpot(TM) 64-Bit Server VM (25.221-b11 mixed mode windows-amd64 compressed oops)
# Problematic frame:
# V  [jvm.dll+0x214d07]
#
# Failed to write core dump. Minidumps are not enabled by default on client versions of Windows
#
# If you would like to submit a bug report, please visit:
#   http://bugreport.java.com/bugreport/crash.jsp
#

---------------  T H R E A D  ---------------

Current thread (0x0000000027c38800):  JavaThread "JMX server connection timeout 57" daemon [_thread_in_vm, id=17348, stack(0x000000002f0c0000,0x000000002f1c0000)]

siginfo: ExceptionCode=0xc0000005, writing address 0x000000002f1b9510

Registers:
RAX=0x000000002f1b9510, RBX=0x0000000000000007, RCX=0x0000000000006000, RDX=0x0000000000000006
RSP=0x000000002f1bf510, RBP=0x0000000000000000, RSI=0x000000002f1bf510, RDI=0x0000000000000007
R8 =0x0000000000000006, R9 =0x000000002c30ec40, R10=0x000000002178e3c0, R11=0x000000002f0ca148
R12=0x000000002c30ec40, R13=0x0000000027c38800, R14=0x000000002f1bf5d8, R15=0x000000002178e3c0
RIP=0x0000000068984d07, EFLAGS=0x0000000000010202

Top of Stack: (sp=0x000000002f1bf510)
0x000000002f1bf510:   000000000114ac80 00000007c0006c48
0x000000002f1bf520:   0000000027c38800 000000002c30ec40
0x000000002f1bf530:   00000000ffffffff 0000000068985c37
0x000000002f1bf540:   000000002f1bf640 000000002178e3c0
0x000000002f1bf550:   0000000027c38800 0000000068831013
0x000000002f1bf560:   000000002f1bf5a0 0000000027c38800
0x000000002f1bf570:   000000002f1bf630 0000000027c38800
0x000000002f1bf580:   000000002178e3c0 0000000027c38800
0x000000002f1bf590:   0000000003743be0 0000000027c38800
0x000000002f1bf5a0:   000000002178e3c0 0000000027c38800
0x000000002f1bf5b0:   000000002178e3c0 0000000027c38800
0x000000002f1bf5c0:   0000000000000001 000000002178e3c0
0x000000002f1bf5d0:   0000000027c38800 000000002c41e820
0x000000002f1bf5e0:   0000000027c38800 000000006883277d
0x000000002f1bf5f0:   000000002f1bf8f8 00000007c0006c48
0x000000002f1bf600:   00000007c0006c48 0000000000fa3000 

Instructions: (pc=0x0000000068984d07)
0x0000000068984ce7:   48 89 6c 24 30 33 ed 66 90 e8 2b 5e 08 00 ff c3
0x0000000068984cf7:   48 63 c8 48 8b c6 48 0f af cf 48 ff c7 48 2b c1
0x0000000068984d07:   89 28 48 63 c3 48 3b 05 95 ab 59 00 7e db 48 8b
0x0000000068984d17:   6c 24 30 48 8b 5c 24 38 48 8b 74 24 40 48 83 c4 


Register to memory mapping:

RAX=0x000000002f1b9510 is pointing into the stack for thread: 0x0000000027c38800
RBX=0x0000000000000007 is an unknown value
RCX=0x0000000000006000 is an unknown value
RDX=0x0000000000000006 is an unknown value
RSP=0x000000002f1bf510 is pointing into the stack for thread: 0x0000000027c38800
RBP=0x0000000000000000 is an unknown value
RSI=0x000000002f1bf510 is pointing into the stack for thread: 0x0000000027c38800
RDI=0x0000000000000007 is an unknown value
R8 =0x0000000000000006 is an unknown value
R9 =0x000000002c30ec40 is an unknown value
R10={method} {0x000000002178e3c8} 'run' '()V' in 'java/lang/Thread'
R11=0x000000002f0ca148 is pointing into the stack for thread: 0x0000000027c38800
R12=0x000000002c30ec40 is an unknown value
R13=0x0000000027c38800 is a thread
R14=0x000000002f1bf5d8 is pointing into the stack for thread: 0x0000000027c38800
R15={method} {0x000000002178e3c8} 'run' '()V' in 'java/lang/Thread'


Stack: [0x000000002f0c0000,0x000000002f1c0000],  sp=0x000000002f1bf510,  free space=1021k
Native frames: (J=compiled Java code, j=interpreted, Vv=VM code, C=native code)


---------------  P R O C E S S  ---------------

Java Threads: ( => current thread )
=>0x0000000027c38800 JavaThread "JMX server connection timeout 57" daemon [_thread_in_vm, id=17348, stack(0x000000002f0c0000,0x000000002f1c0000)]
  0x0000000027c37000 JavaThread "Eureka-JerseyClient-Conn-Cleaner2" daemon [_thread_blocked, id=22552, stack(0x000000002edc0000,0x000000002eec0000)]
  0x0000000027c3e000 JavaThread "RMI TCP Connection(2)-192.168.0.143" daemon [_thread_in_native, id=28020, stack(0x000000002e2c0000,0x000000002e3c0000)]
  0x0000000027c38000 JavaThread "File Watcher" daemon [_thread_blocked, id=27664, stack(0x000000002d4c0000,0x000000002d5c0000)]
  0x0000000027c3a000 JavaThread "OracleTimeoutPollingThread" daemon [_thread_blocked, id=8564, stack(0x000000002d1c0000,0x000000002d2c0000)]
  0x0000000027c39800 JavaThread "InterruptTimer" daemon [_thread_blocked, id=19124, stack(0x000000002bef0000,0x000000002bff0000)]
  0x0000000027c3d000 JavaThread "oracle.jdbc.driver.BlockSource.ThreadedCachingBlockSource.BlockReleaser" daemon [_thread_blocked, id=30332, stack(0x000000002bdf0000,0x000000002bef0000)]
  0x0000000027c3c800 JavaThread "Timer-0" daemon [_thread_blocked, id=25516, stack(0x000000002bcf0000,0x000000002bdf0000)]
  0x0000000025d67000 JavaThread "Druid-ConnectionPool-Destroy-1356230602" daemon [_thread_blocked, id=25324, stack(0x000000002bbf0000,0x000000002bcf0000)]
  0x0000000025d69800 JavaThread "Druid-ConnectionPool-Create-1356230602" daemon [_thread_blocked, id=32328, stack(0x000000002baf0000,0x000000002bbf0000)]
  0x0000000025d68800 JavaThread "container-0" [_thread_blocked, id=28484, stack(0x000000002b5f0000,0x000000002b6f0000)]
  0x0000000025d6c800 JavaThread "Catalina-utility-2" [_thread_blocked, id=25104, stack(0x000000002b4f0000,0x000000002b5f0000)]
  0x000000002a208800 JavaThread "Catalina-utility-1" [_thread_blocked, id=23200, stack(0x000000002b3f0000,0x000000002b4f0000)]
  0x0000000027d07800 JavaThread "spring.cloud.inetutils" daemon [_thread_blocked, id=25376, stack(0x000000002b2f0000,0x000000002b3f0000)]
  0x000000002a0a0000 JavaThread "RxIoScheduler-1 (Evictor)" daemon [_thread_blocked, id=15440, stack(0x000000002aff0000,0x000000002b0f0000)]
  0x0000000027d09800 JavaThread "RMI Scheduler(0)" daemon [_thread_blocked, id=2984, stack(0x0000000029320000,0x0000000029420000)]
  0x0000000027c36000 JavaThread "RMI TCP Connection(1)-192.168.0.143" daemon [_thread_in_native, id=3732, stack(0x0000000029220000,0x0000000029320000)]
  0x00000000274f6000 JavaThread "logback-2" daemon [_thread_blocked, id=28284, stack(0x0000000028520000,0x0000000028620000)]
  0x00000000278f4800 JavaThread "restartedMain" [_thread_in_native, id=23236, stack(0x0000000028420000,0x0000000028520000)]
  0x00000000278e2800 JavaThread "Thread-1" [_thread_blocked, id=30092, stack(0x0000000028320000,0x0000000028420000)]
  0x0000000026f66000 JavaThread "RMI TCP Accept-0" daemon [_thread_in_native, id=29864, stack(0x0000000027e70000,0x0000000027f70000)]
  0x0000000025e27000 JavaThread "Service Thread" daemon [_thread_blocked, id=29656, stack(0x0000000026da0000,0x0000000026ea0000)]
  0x0000000025d6d000 JavaThread "C1 CompilerThread11" daemon [_thread_blocked, id=26408, stack(0x0000000026ba0000,0x0000000026ca0000)]
  0x0000000025d66800 JavaThread "C1 CompilerThread10" daemon [_thread_blocked, id=3868, stack(0x0000000026aa0000,0x0000000026ba0000)]
  0x0000000025d6b800 JavaThread "C1 CompilerThread9" daemon [_thread_blocked, id=29544, stack(0x00000000269a0000,0x0000000026aa0000)]
  0x0000000025d68000 JavaThread "C1 CompilerThread8" daemon [_thread_blocked, id=28680, stack(0x00000000268a0000,0x00000000269a0000)]
  0x0000000025d6b000 JavaThread "C2 CompilerThread7" daemon [_thread_blocked, id=32032, stack(0x00000000267a0000,0x00000000268a0000)]
  0x0000000025d6a000 JavaThread "C2 CompilerThread6" daemon [_thread_blocked, id=26268, stack(0x00000000266a0000,0x00000000267a0000)]
  0x0000000025d39800 JavaThread "C2 CompilerThread5" daemon [_thread_blocked, id=16544, stack(0x00000000265a0000,0x00000000266a0000)]
  0x0000000025d28000 JavaThread "C2 CompilerThread4" daemon [_thread_blocked, id=32532, stack(0x00000000264a0000,0x00000000265a0000)]
  0x0000000025d1b000 JavaThread "C2 CompilerThread3" daemon [_thread_blocked, id=23000, stack(0x00000000263a0000,0x00000000264a0000)]
  0x0000000025d18800 JavaThread "C2 CompilerThread2" daemon [_thread_blocked, id=27380, stack(0x00000000262a0000,0x00000000263a0000)]
  0x0000000025d17800 JavaThread "C2 CompilerThread1" daemon [_thread_blocked, id=31592, stack(0x00000000261a0000,0x00000000262a0000)]
  0x0000000025d15000 JavaThread "C2 CompilerThread0" daemon [_thread_blocked, id=26880, stack(0x00000000260a0000,0x00000000261a0000)]
  0x0000000025d14000 JavaThread "Monitor Ctrl-Break" daemon [_thread_in_native, id=32332, stack(0x0000000025fa0000,0x00000000260a0000)]
  0x0000000023c48800 JavaThread "Attach Listener" daemon [_thread_blocked, id=25200, stack(0x00000000256a0000,0x00000000257a0000)]
  0x0000000023bf0000 JavaThread "Signal Dispatcher" daemon [_thread_blocked, id=17264, stack(0x00000000255a0000,0x00000000256a0000)]
  0x000000002215d000 JavaThread "Finalizer" daemon [_thread_blocked, id=21712, stack(0x0000000025440000,0x0000000025540000)]
  0x0000000023bc6000 JavaThread "Reference Handler" daemon [_thread_blocked, id=26884, stack(0x0000000025340000,0x0000000025440000)]
  0x0000000003539800 JavaThread "main" [_thread_blocked, id=11484, stack(0x0000000003430000,0x0000000003530000)]

Other Threads:
  0x0000000023ba4800 VMThread [stack: 0x0000000025240000,0x0000000025340000] [id=22720]
  0x0000000026f75000 WatcherThread [stack: 0x0000000027f70000,0x0000000028070000] [id=25232]

VM state:not at safepoint (normal execution)

VM Mutex/Monitor currently owned by a thread: None

heap address: 0x0000000642000000, size: 6112 MB, Compressed Oops mode: Zero based, Oop shift amount: 3
Narrow klass base: 0x0000000000000000, Narrow klass shift: 3
Compressed class space size: 1073741824 Address: 0x00000007c0000000

Heap:
 PSYoungGen      total 212480K, used 47895K [0x0000000740b00000, 0x000000074ea00000, 0x00000007c0000000)
  eden space 196608K, 24% used [0x0000000740b00000,0x00000007439c5d80,0x000000074cb00000)
  from space 15872K, 0% used [0x000000074cb00000,0x000000074cb00000,0x000000074da80000)
  to   space 15872K, 0% used [0x000000074da80000,0x000000074da80000,0x000000074ea00000)
 ParOldGen       total 151040K, used 31796K [0x0000000642000000, 0x000000064b380000, 0x0000000740b00000)
  object space 151040K, 21% used [0x0000000642000000,0x0000000643f0d290,0x000000064b380000)
 Metaspace       used 54264K, capacity 56516K, committed 57344K, reserved 1118208K
  class space    used 7364K, capacity 7805K, committed 7936K, reserved 1048576K

Card table byte_map: [0x0000000012af0000,0x00000000136f0000] byte_map_base: 0x000000000f8e0000

Marking Bits: (ParMarkBitMap*) 0x0000000068f95ce0
 Begin Bits: [0x0000000014bf0000, 0x000000001ab70000)
 End Bits:   [0x000000001ab70000, 0x0000000020af0000)

Polling page: 0x0000000001630000

CodeCache: size=245760Kb used=13368Kb max_used=13368Kb free=232391Kb
 bounds [0x0000000003730000, 0x0000000004450000, 0x0000000012730000]
 total_blobs=6310 nmethods=5763 adapters=457
 compilation: enabled

Compilation events (10 events):
Event: 7.943 Thread 0x0000000025d6d000 5846       1       com.netflix.servo.tag.SmallTagMap$Builder::isEmpty (13 bytes)
Event: 7.943 Thread 0x0000000025d6d000 nmethod 5846 0x000000000443af50 code [0x000000000443b0a0, 0x000000000443b1d0]
Event: 7.943 Thread 0x0000000025d68000 nmethod 5842 0x000000000443b250 code [0x000000000443b3c0, 0x000000000443b6e8]
Event: 7.943 Thread 0x0000000025d68000 5844       1       java.util.concurrent.locks.ReentrantReadWriteLock$FairSync::readerShouldBlock (5 bytes)
Event: 7.943 Thread 0x0000000025d68000 nmethod 5844 0x000000000443b890 code [0x000000000443b9e0, 0x000000000443bb08]
Event: 7.943 Thread 0x0000000025d6d000 5847       1       com.netflix.servo.monitor.AbstractMonitor::<init> (18 bytes)
Event: 7.944 Thread 0x0000000025d66800 nmethod 5845 0x000000000443bb90 code [0x000000000443bd80, 0x000000000443c4e8]
Event: 7.944 Thread 0x0000000025d6d000 nmethod 5847 0x000000000443cb50 code [0x000000000443cd20, 0x000000000443d2d8]
Event: 7.944 Thread 0x0000000025d6b800 nmethod 5839 0x000000000443d850 code [0x000000000443daa0, 0x000000000443e9b8]
Event: 8.041 Thread 0x0000000025d68000 5848   !   1       java.security.Permissions::add (70 bytes)

GC Heap History (10 events):
Event: 7.545 GC heap before
{Heap before GC invocations=20 (full 7):
 PSYoungGen      total 212480K, used 608K [0x0000000740b00000, 0x000000074ea00000, 0x00000007c0000000)
  eden space 196608K, 0% used [0x0000000740b00000,0x0000000740b00000,0x000000074cb00000)
  from space 15872K, 3% used [0x000000074cb00000,0x000000074cb98000,0x000000074da80000)
  to   space 15872K, 0% used [0x000000074da80000,0x000000074da80000,0x000000074ea00000)
 ParOldGen       total 151040K, used 32015K [0x0000000642000000, 0x000000064b380000, 0x0000000740b00000)
  object space 151040K, 21% used [0x0000000642000000,0x0000000643f43c00,0x000000064b380000)
 Metaspace       used 51878K, capacity 54086K, committed 54784K, reserved 1110016K
  class space    used 7066K, capacity 7512K, committed 7680K, reserved 1048576K
Event: 7.586 GC heap after
Heap after GC invocations=20 (full 7):
 PSYoungGen      total 212480K, used 0K [0x0000000740b00000, 0x000000074ea00000, 0x00000007c0000000)
  eden space 196608K, 0% used [0x0000000740b00000,0x0000000740b00000,0x000000074cb00000)
  from space 15872K, 0% used [0x000000074cb00000,0x000000074cb00000,0x000000074da80000)
  to   space 15872K, 0% used [0x000000074da80000,0x000000074da80000,0x000000074ea00000)
 ParOldGen       total 151040K, used 31440K [0x0000000642000000, 0x000000064b380000, 0x0000000740b00000)
  object space 151040K, 20% used [0x0000000642000000,0x0000000643eb43d8,0x000000064b380000)
 Metaspace       used 51878K, capacity 54086K, committed 54784K, reserved 1105920K
  class space    used 7066K, capacity 7512K, committed 7680K, reserved 1048576K
}
Event: 7.614 GC heap before
{Heap before GC invocations=21 (full 7):
 PSYoungGen      total 212480K, used 8089K [0x0000000740b00000, 0x000000074ea00000, 0x00000007c0000000)
  eden space 196608K, 4% used [0x0000000740b00000,0x00000007412e6450,0x000000074cb00000)
  from space 15872K, 0% used [0x000000074cb00000,0x000000074cb00000,0x000000074da80000)
  to   space 15872K, 0% used [0x000000074da80000,0x000000074da80000,0x000000074ea00000)
 ParOldGen       total 151040K, used 31440K [0x0000000642000000, 0x000000064b380000, 0x0000000740b00000)
  object space 151040K, 20% used [0x0000000642000000,0x0000000643eb43d8,0x000000064b380000)
 Metaspace       used 52192K, capacity 54374K, committed 55040K, reserved 1110016K
  class space    used 7116K, capacity 7544K, committed 7680K, reserved 1048576K
Event: 7.617 GC heap after
Heap after GC invocations=21 (full 7):
 PSYoungGen      total 212480K, used 672K [0x0000000740b00000, 0x000000074ea00000, 0x00000007c0000000)
  eden space 196608K, 0% used [0x0000000740b00000,0x0000000740b00000,0x000000074cb00000)
  from space 15872K, 4% used [0x000000074da80000,0x000000074db28000,0x000000074ea00000)
  to   space 15872K, 0% used [0x000000074cb00000,0x000000074cb00000,0x000000074da80000)
 ParOldGen       total 151040K, used 31440K [0x0000000642000000, 0x000000064b380000, 0x0000000740b00000)
  object space 151040K, 20% used [0x0000000642000000,0x0000000643eb43d8,0x000000064b380000)
 Metaspace       used 52192K, capacity 54374K, committed 55040K, reserved 1110016K
  class space    used 7116K, capacity 7544K, committed 7680K, reserved 1048576K
}
Event: 7.617 GC heap before
{Heap before GC invocations=22 (full 8):
 PSYoungGen      total 212480K, used 672K [0x0000000740b00000, 0x000000074ea00000, 0x00000007c0000000)
  eden space 196608K, 0% used [0x0000000740b00000,0x0000000740b00000,0x000000074cb00000)
  from space 15872K, 4% used [0x000000074da80000,0x000000074db28000,0x000000074ea00000)
  to   space 15872K, 0% used [0x000000074cb00000,0x000000074cb00000,0x000000074da80000)
 ParOldGen       total 151040K, used 31440K [0x0000000642000000, 0x000000064b380000, 0x0000000740b00000)
  object space 151040K, 20% used [0x0000000642000000,0x0000000643eb43d8,0x000000064b380000)
 Metaspace       used 52192K, capacity 54374K, committed 55040K, reserved 1110016K
  class space    used 7116K, capacity 7544K, committed 7680K, reserved 1048576K
Event: 7.665 GC heap after
Heap after GC invocations=22 (full 8):
 PSYoungGen      total 212480K, used 0K [0x0000000740b00000, 0x000000074ea00000, 0x00000007c0000000)
  eden space 196608K, 0% used [0x0000000740b00000,0x0000000740b00000,0x000000074cb00000)
  from space 15872K, 0% used [0x000000074da80000,0x000000074da80000,0x000000074ea00000)
  to   space 15872K, 0% used [0x000000074cb00000,0x000000074cb00000,0x000000074da80000)
 ParOldGen       total 151040K, used 31580K [0x0000000642000000, 0x000000064b380000, 0x0000000740b00000)
  object space 151040K, 20% used [0x0000000642000000,0x0000000643ed7100,0x000000064b380000)
 Metaspace       used 52192K, capacity 54374K, committed 55040K, reserved 1107968K
  class space    used 7116K, capacity 7544K, committed 7680K, reserved 1048576K
}
Event: 7.696 GC heap before
{Heap before GC invocations=23 (full 8):
 PSYoungGen      total 212480K, used 8650K [0x0000000740b00000, 0x000000074ea00000, 0x00000007c0000000)
  eden space 196608K, 4% used [0x0000000740b00000,0x0000000741372b90,0x000000074cb00000)
  from space 15872K, 0% used [0x000000074da80000,0x000000074da80000,0x000000074ea00000)
  to   space 15872K, 0% used [0x000000074cb00000,0x000000074cb00000,0x000000074da80000)
 ParOldGen       total 151040K, used 31580K [0x0000000642000000, 0x000000064b380000, 0x0000000740b00000)
  object space 151040K, 20% used [0x0000000642000000,0x0000000643ed7100,0x000000064b380000)
 Metaspace       used 52499K, capacity 54694K, committed 55424K, reserved 1114112K
  class space    used 7158K, capacity 7608K, committed 7808K, reserved 1048576K
Event: 7.699 GC heap after
Heap after GC invocations=23 (full 8):
 PSYoungGen      total 212480K, used 684K [0x0000000740b00000, 0x000000074ea00000, 0x00000007c0000000)
  eden space 196608K, 0% used [0x0000000740b00000,0x0000000740b00000,0x000000074cb00000)
  from space 15872K, 4% used [0x000000074cb00000,0x000000074cbab100,0x000000074da80000)
  to   space 15872K, 0% used [0x000000074da80000,0x000000074da80000,0x000000074ea00000)
 ParOldGen       total 151040K, used 31580K [0x0000000642000000, 0x000000064b380000, 0x0000000740b00000)
  object space 151040K, 20% used [0x0000000642000000,0x0000000643ed7100,0x000000064b380000)
 Metaspace       used 52499K, capacity 54694K, committed 55424K, reserved 1114112K
  class space    used 7158K, capacity 7608K, committed 7808K, reserved 1048576K
}
Event: 7.699 GC heap before
{Heap before GC invocations=24 (full 9):
 PSYoungGen      total 212480K, used 684K [0x0000000740b00000, 0x000000074ea00000, 0x00000007c0000000)
  eden space 196608K, 0% used [0x0000000740b00000,0x0000000740b00000,0x000000074cb00000)
  from space 15872K, 4% used [0x000000074cb00000,0x000000074cbab100,0x000000074da80000)
  to   space 15872K, 0% used [0x000000074da80000,0x000000074da80000,0x000000074ea00000)
 ParOldGen       total 151040K, used 31580K [0x0000000642000000, 0x000000064b380000, 0x0000000740b00000)
  object space 151040K, 20% used [0x0000000642000000,0x0000000643ed7100,0x000000064b380000)
 Metaspace       used 52499K, capacity 54694K, committed 55424K, reserved 1114112K
  class space    used 7158K, capacity 7608K, committed 7808K, reserved 1048576K
Event: 7.758 GC heap after
Heap after GC invocations=24 (full 9):
 PSYoungGen      total 212480K, used 0K [0x0000000740b00000, 0x000000074ea00000, 0x00000007c0000000)
  eden space 196608K, 0% used [0x0000000740b00000,0x0000000740b00000,0x000000074cb00000)
  from space 15872K, 0% used [0x000000074cb00000,0x000000074cb00000,0x000000074da80000)
  to   space 15872K, 0% used [0x000000074da80000,0x000000074da80000,0x000000074ea00000)
 ParOldGen       total 151040K, used 31796K [0x0000000642000000, 0x000000064b380000, 0x0000000740b00000)
  object space 151040K, 21% used [0x0000000642000000,0x0000000643f0d290,0x000000064b380000)
 Metaspace       used 52499K, capacity 54694K, committed 55424K, reserved 1110016K
  class space    used 7158K, capacity 7608K, committed 7808K, reserved 1048576K
}

Deoptimization events (0 events):
No events

Classes redefined (0 events):
No events

Internal exceptions (10 events):
Event: 7.929 Thread 0x00000000278f4800 Exception <a 'java/lang/ArrayIndexOutOfBoundsException'> (0x000000074345e3f0) thrown at [C:\re\workspace\8-2-build-windows-amd64-cygwin\jdk8u221\13320\hotspot\src\share\vm\runtime\sharedRuntime.cpp, line 605]
Event: 7.929 Thread 0x00000000278f4800 Exception <a 'java/lang/ArrayIndexOutOfBoundsException'> (0x000000074345fd58) thrown at [C:\re\workspace\8-2-build-windows-amd64-cygwin\jdk8u221\13320\hotspot\src\share\vm\runtime\sharedRuntime.cpp, line 605]
Event: 7.929 Thread 0x00000000278f4800 Exception <a 'java/lang/ArrayIndexOutOfBoundsException'> (0x0000000743479b70) thrown at [C:\re\workspace\8-2-build-windows-amd64-cygwin\jdk8u221\13320\hotspot\src\share\vm\runtime\sharedRuntime.cpp, line 605]
Event: 7.929 Thread 0x00000000278f4800 Exception <a 'java/lang/ArrayIndexOutOfBoundsException'> (0x000000074347cbc0) thrown at [C:\re\workspace\8-2-build-windows-amd64-cygwin\jdk8u221\13320\hotspot\src\share\vm\runtime\sharedRuntime.cpp, line 605]
Event: 7.929 Thread 0x00000000278f4800 Exception <a 'java/lang/ArrayIndexOutOfBoundsException'> (0x00000007434919f8) thrown at [C:\re\workspace\8-2-build-windows-amd64-cygwin\jdk8u221\13320\hotspot\src\share\vm\runtime\sharedRuntime.cpp, line 605]
Event: 7.929 Thread 0x00000000278f4800 Exception <a 'java/lang/ArrayIndexOutOfBoundsException'> (0x0000000743494a68) thrown at [C:\re\workspace\8-2-build-windows-amd64-cygwin\jdk8u221\13320\hotspot\src\share\vm\runtime\sharedRuntime.cpp, line 605]
Event: 7.929 Thread 0x00000000278f4800 Exception <a 'java/lang/ArrayIndexOutOfBoundsException'> (0x00000007434a8db0) thrown at [C:\re\workspace\8-2-build-windows-amd64-cygwin\jdk8u221\13320\hotspot\src\share\vm\runtime\sharedRuntime.cpp, line 605]
Event: 7.929 Thread 0x00000000278f4800 Exception <a 'java/lang/ArrayIndexOutOfBoundsException'> (0x00000007434aace8) thrown at [C:\re\workspace\8-2-build-windows-amd64-cygwin\jdk8u221\13320\hotspot\src\share\vm\runtime\sharedRuntime.cpp, line 605]
Event: 7.929 Thread 0x00000000278f4800 Exception <a 'java/lang/ArrayIndexOutOfBoundsException'> (0x00000007434af4d0) thrown at [C:\re\workspace\8-2-build-windows-amd64-cygwin\jdk8u221\13320\hotspot\src\share\vm\runtime\sharedRuntime.cpp, line 605]
Event: 7.929 Thread 0x00000000278f4800 Exception <a 'java/lang/ArrayIndexOutOfBoundsException'> (0x00000007434b2550) thrown at [C:\re\workspace\8-2-build-windows-amd64-cygwin\jdk8u221\13320\hotspot\src\share\vm\runtime\sharedRuntime.cpp, line 605]

Events (10 events):
Event: 7.947 loading class com/netflix/discovery/shared/resolver/aws/AwsEndpoint done
Event: 7.948 loading class com/netflix/discovery/shared/resolver/DefaultEndpoint
Event: 7.948 loading class com/netflix/discovery/shared/resolver/DefaultEndpoint done
Event: 7.948 loading class com/netflix/discovery/shared/resolver/EurekaEndpoint
Event: 7.948 loading class com/netflix/discovery/shared/resolver/EurekaEndpoint done
Event: 7.948 loading class com/netflix/discovery/shared/resolver/ResolverUtils
Event: 7.948 loading class com/netflix/discovery/shared/resolver/ResolverUtils done
Event: 7.949 loading class com/netflix/discovery/util/SystemUtil
Event: 7.949 loading class com/netflix/discovery/util/SystemUtil done
Event: 8.041 Thread 0x0000000027c38800 Thread added: 0x0000000027c38800


Dynamic libraries:
0x00007ff71c540000 - 0x00007ff71c577000 	E:\JDK\jdk1.8.0_221\bin\java.exe
0x00007ffa9c750000 - 0x00007ffa9c945000 	C:\WINDOWS\SYSTEM32\ntdll.dll
0x00007ffa9a8c0000 - 0x00007ffa9a97e000 	C:\WINDOWS\System32\KERNEL32.DLL
0x00007ffa9a4a0000 - 0x00007ffa9a768000 	C:\WINDOWS\System32\KERNELBASE.dll
0x00007ffa9a980000 - 0x00007ffa9aa2c000 	C:\WINDOWS\System32\ADVAPI32.dll
0x00007ffa9b3b0000 - 0x00007ffa9b44e000 	C:\WINDOWS\System32\msvcrt.dll
0x00007ffa9bef0000 - 0x00007ffa9bf8b000 	C:\WINDOWS\System32\sechost.dll
0x00007ffa9aac0000 - 0x00007ffa9abea000 	C:\WINDOWS\System32\RPCRT4.dll
0x00007ffa9abf0000 - 0x00007ffa9ad91000 	C:\WINDOWS\System32\USER32.dll
0x00007ffa9a770000 - 0x00007ffa9a792000 	C:\WINDOWS\System32\win32u.dll
0x00007ffa9bfa0000 - 0x00007ffa9bfcb000 	C:\WINDOWS\System32\GDI32.dll
0x00007ffa9a1e0000 - 0x00007ffa9a2eb000 	C:\WINDOWS\System32\gdi32full.dll
0x00007ffa9a2f0000 - 0x00007ffa9a38d000 	C:\WINDOWS\System32\msvcp_win.dll
0x00007ffa99f20000 - 0x00007ffa9a020000 	C:\WINDOWS\System32\ucrtbase.dll
0x00007ffa82410000 - 0x00007ffa826aa000 	C:\WINDOWS\WinSxS\amd64_microsoft.windows.common-controls_6595b64144ccf1df_6.0.19041.1110_none_60b5254171f9507e\COMCTL32.dll
0x00007ffa9aa30000 - 0x00007ffa9aa60000 	C:\WINDOWS\System32\IMM32.DLL
0x0000000069020000 - 0x00000000690f2000 	E:\JDK\jdk1.8.0_221\jre\bin\msvcr100.dll
0x0000000068770000 - 0x0000000069015000 	E:\JDK\jdk1.8.0_221\jre\bin\server\jvm.dll
0x00007ffa9b450000 - 0x00007ffa9b458000 	C:\WINDOWS\System32\PSAPI.DLL
0x00007ffa92ed0000 - 0x00007ffa92eda000 	C:\WINDOWS\SYSTEM32\VERSION.dll
0x00007ffa8fe20000 - 0x00007ffa8fe47000 	C:\WINDOWS\SYSTEM32\WINMM.dll
0x00007ffa7f4a0000 - 0x00007ffa7f4a9000 	C:\WINDOWS\SYSTEM32\WSOCK32.dll
0x00007ffa9be80000 - 0x00007ffa9beeb000 	C:\WINDOWS\System32\WS2_32.dll
0x00007ffa975c0000 - 0x00007ffa975cf000 	E:\JDK\jdk1.8.0_221\jre\bin\verify.dll
0x00007ffa86890000 - 0x00007ffa868b9000 	E:\JDK\jdk1.8.0_221\jre\bin\java.dll
0x00007ffa7b8d0000 - 0x00007ffa7b8f3000 	E:\JDK\jdk1.8.0_221\jre\bin\instrument.dll
0x00007ffa868e0000 - 0x00007ffa868f6000 	E:\JDK\jdk1.8.0_221\jre\bin\zip.dll
0x00007ffa9b690000 - 0x00007ffa9bdcf000 	C:\WINDOWS\System32\SHELL32.dll
0x00007ffa97f70000 - 0x00007ffa98700000 	C:\WINDOWS\SYSTEM32\windows.storage.dll
0x00007ffa9bfd0000 - 0x00007ffa9c325000 	C:\WINDOWS\System32\combase.dll
0x00007ffa998c0000 - 0x00007ffa998ee000 	C:\WINDOWS\SYSTEM32\Wldp.dll
0x00007ffa9bdd0000 - 0x00007ffa9be7d000 	C:\WINDOWS\System32\SHCORE.dll
0x00007ffa9c410000 - 0x00007ffa9c465000 	C:\WINDOWS\System32\shlwapi.dll
0x00007ffa99db0000 - 0x00007ffa99dcf000 	C:\WINDOWS\SYSTEM32\profapi.dll
0x00007ffa7bd40000 - 0x00007ffa7bd5a000 	E:\IntelliJ IDEA 2021.3\bin\breakgen64.dll
0x00007ffa7c630000 - 0x00007ffa7c64a000 	E:\JDK\jdk1.8.0_221\jre\bin\net.dll
0x00007ffa8ed60000 - 0x00007ffa8ef4b000 	C:\WINDOWS\SYSTEM32\urlmon.dll
0x00007ffa993d0000 - 0x00007ffa993dc000 	C:\WINDOWS\SYSTEM32\netutils.dll
0x00007ffa8f760000 - 0x00007ffa8f788000 	C:\WINDOWS\SYSTEM32\srvcli.dll
0x00007ffa8eab0000 - 0x00007ffa8ed60000 	C:\WINDOWS\SYSTEM32\iertutil.dll
0x00007ffa99620000 - 0x00007ffa9968a000 	C:\WINDOWS\system32\mswsock.dll
0x00007ffa992e0000 - 0x00007ffa993ab000 	C:\WINDOWS\SYSTEM32\DNSAPI.dll
0x00007ffa992a0000 - 0x00007ffa992db000 	C:\WINDOWS\SYSTEM32\IPHLPAPI.DLL
0x00007ffa9bf90000 - 0x00007ffa9bf98000 	C:\WINDOWS\System32\NSI.dll
0x00007ffa87f40000 - 0x00007ffa87f4a000 	C:\Windows\System32\rasadhlp.dll
0x00007ffa89300000 - 0x00007ffa8937f000 	C:\WINDOWS\System32\fwpuclnt.dll
0x00007ffa9a390000 - 0x00007ffa9a3b7000 	C:\WINDOWS\System32\bcrypt.dll
0x00007ffa94480000 - 0x00007ffa9448d000 	E:\JDK\jdk1.8.0_221\jre\bin\management.dll
0x00007ffa7bd60000 - 0x00007ffa7bd72000 	E:\JDK\jdk1.8.0_221\jre\bin\nio.dll
0x00007ffa99810000 - 0x00007ffa99828000 	C:\WINDOWS\SYSTEM32\CRYPTSP.dll
0x00007ffa98f30000 - 0x00007ffa98f64000 	C:\WINDOWS\system32\rsaenh.dll
0x00007ffa99d70000 - 0x00007ffa99d9e000 	C:\WINDOWS\SYSTEM32\USERENV.dll
0x00007ffa9a410000 - 0x00007ffa9a493000 	C:\WINDOWS\System32\bcryptprimitives.dll
0x00007ffa99830000 - 0x00007ffa9983c000 	C:\WINDOWS\SYSTEM32\CRYPTBASE.dll
0x00007ffa919a0000 - 0x00007ffa919b7000 	C:\WINDOWS\SYSTEM32\dhcpcsvc6.DLL
0x00007ffa91e50000 - 0x00007ffa91e6d000 	C:\WINDOWS\SYSTEM32\dhcpcsvc.DLL
0x00007ffa811c0000 - 0x00007ffa811d7000 	C:\WINDOWS\system32\napinsp.dll
0x00007ffa7f350000 - 0x00007ffa7f36b000 	C:\WINDOWS\system32\pnrpnsp.dll
0x00007ffa94d10000 - 0x00007ffa94d25000 	C:\WINDOWS\system32\wshbth.dll
0x00007ffa958a0000 - 0x00007ffa958bd000 	C:\WINDOWS\system32\NLAapi.dll
0x00007ffa7f2f0000 - 0x00007ffa7f302000 	C:\WINDOWS\System32\winrnr.dll
0x00007ffa7b590000 - 0x00007ffa7b5b4000 	E:\JDK\jdk1.8.0_221\jre\bin\sunec.dll

VM Arguments:
jvm_args: -XX:TieredStopAtLevel=1 -Xverify:none -Dspring.output.ansi.enabled=always -javaagent:E:\IntelliJ IDEA 2021.3\lib\idea_rt.jar=52756:E:\IntelliJ IDEA 2021.3\bin -Dcom.sun.management.jmxremote -Dspring.jmx.enabled=true -Dspring.liveBeansView.mbeanDomain -Dspring.application.admin.enabled=true -Dfile.encoding=UTF-8 
java_command: com.trkj.framework.ProviderHystrix8010
java_class_path (initial): E:\JDK\jdk1.8.0_221\jre\lib\charsets.jar;E:\JDK\jdk1.8.0_221\jre\lib\deploy.jar;E:\JDK\jdk1.8.0_221\jre\lib\ext\access-bridge-64.jar;E:\JDK\jdk1.8.0_221\jre\lib\ext\cldrdata.jar;E:\JDK\jdk1.8.0_221\jre\lib\ext\dnsns.jar;E:\JDK\jdk1.8.0_221\jre\lib\ext\jaccess.jar;E:\JDK\jdk1.8.0_221\jre\lib\ext\jfxrt.jar;E:\JDK\jdk1.8.0_221\jre\lib\ext\localedata.jar;E:\JDK\jdk1.8.0_221\jre\lib\ext\nashorn.jar;E:\JDK\jdk1.8.0_221\jre\lib\ext\sunec.jar;E:\JDK\jdk1.8.0_221\jre\lib\ext\sunjce_provider.jar;E:\JDK\jdk1.8.0_221\jre\lib\ext\sunmscapi.jar;E:\JDK\jdk1.8.0_221\jre\lib\ext\sunpkcs11.jar;E:\JDK\jdk1.8.0_221\jre\lib\ext\zipfs.jar;E:\JDK\jdk1.8.0_221\jre\lib\javaws.jar;E:\JDK\jdk1.8.0_221\jre\lib\jce.jar;E:\JDK\jdk1.8.0_221\jre\lib\jfr.jar;E:\JDK\jdk1.8.0_221\jre\lib\jfxswt.jar;E:\JDK\jdk1.8.0_221\jre\lib\jsse.jar;E:\JDK\jdk1.8.0_221\jre\lib\management-agent.jar;E:\JDK\jdk1.8.0_221\jre\lib\plugin.jar;E:\JDK\jdk1.8.0_221\jre\lib\resources.jar;E:\JDK\jdk1.8.0_221\jre\lib\rt.jar;D:\编程资料\编程项目\IDEA项目\Project\framework_java_project\framework_provider_hystrix_8010\target\classes;E:\jar\org\springframework\cloud\spring-cloud-starter-hystrix\1.4.5.RELEASE\spring-cloud-starter-hystrix-1.4.5.RELEASE.jar;E:\jar\org\springframework\cloud\spring-cloud-starter-netflix-hystrix\2.1.1.RELEASE\spring-cloud-starter-netflix-hystrix-2.1.1.RELEASE.jar;E:\jar\org\springframework\cloud\spring-cloud-starter\2.1.1.RELEASE\spring-cloud-starter-2.1.1.RELEASE.jar;E:\jar\org\springframework\cloud\spring-cloud-context\2.1.1.RELEASE\spring-cloud-context-2.1.1.RELEASE.jar;E:\jar\org\springframework\security\spring-security-crypto\5.1.5.RELEASE\spring-security-crypto-5.1.5.RELEASE.jar;E:\jar\org\springframework\cloud\spring-cloud-commons\2.1.1.RELEASE\spring-cloud-commons-2.1.1.RELEASE.jar;E:\jar\org\springframework\security\spring-security-rsa\1.0.7.RELEASE\spring-security-rsa-1.0.7.RELEASE.jar;E:\jar\org\bouncycastle\bcpkix-jdk15on\1.60\bcpkix-jdk15on-1.60.jar;E:\jar\org\bo
Launcher Type: SUN_STANDARD

Environment Variables:
JAVA_HOME=E:\JDK\jdk1.8.0_221
PATH=E:\Orcle\product\11.2.0\dbhome_1\bin;C:\WINDOWS\system32;C:\WINDOWS;C:\WINDOWS\System32\Wbem;C:\WINDOWS\System32\WindowsPowerShell\v1.0\;C:\WINDOWS\System32\OpenSSH\;E:\Redis\;C:\Program Files\MySQL\MySQL Utilities 1.6\;E:\JDK\jdk1.8.0_221\bin;E:\JDK\jdk1.8.0_221\jre\bin;E:\Maven\apache-maven-3.8.3\bin;E:\MySQL Server 5.7\bin;E:\node\;E:\node;E:\node\node_modules;E:\node\node_global\;E:\Git\cmd;C:\Users\13795\AppData\Local\Programs\Python\Python39\Scripts\;C:\Users\13795\AppData\Local\Programs\Python\Python39\;C:\Users\13795\AppData\Local\Microsoft\WindowsApps;E:\Bandizip\;E:\Microsoft VS Code\bin;E:\IntelliJ IDEA 2021.3\bin;;E:\WebStorm 2021.3\bin;;C:\Users\13795\AppData\Roaming\npm
USERNAME=13795
OS=Windows_NT
PROCESSOR_IDENTIFIER=AMD64 Family 23 Model 96 Stepping 1, AuthenticAMD



---------------  S Y S T E M  ---------------

OS: Windows 10.0 , 64 bit Build 19041 (10.0.19041.1348)

CPU:total 16 (initial active 16) (16 cores per cpu, 1 threads per core) family 23 model 96 stepping 1, cmov, cx8, fxsr, mmx, sse, sse2, sse3, ssse3, sse4.1, sse4.2, popcnt, avx, avx2, aes, clmul, mmxext, 3dnowpref, lzcnt, sse4a, tsc, tscinvbit, tscinv, bmi1

Memory: 4k page, physical 25032004k(10380104k free), swap 38069972k(1252k free)

vm_info: Java HotSpot(TM) 64-Bit Server VM (25.221-b11) for windows-amd64 JRE (1.8.0_221-b11), built on Jul  4 2019 04:39:29 by "java_re" with MS VC++ 10.0 (VS2010)

time: Tue Dec 07 09:09:19 2021
timezone: 中国标准时间
elapsed time: 8 seconds (0d 0h 0m 8s)

