#
# There is insufficient memory for the Java Runtime Environment to continue.
# Native memory allocation (malloc) failed to allocate 1048576 bytes for AllocateHeap
# Possible reasons:
#   The system is out of physical RAM or swap space
#   The process is running with CompressedOops enabled, and the Java Heap may be blocking the growth of the native heap
# Possible solutions:
#   Reduce memory load on the system
#   Increase physical memory or swap space
#   Check if swap backing store is full
#   Decrease Java heap size (-Xmx/-Xms)
#   Decrease number of Java threads
#   Decrease Java thread stack sizes (-Xss)
#   Set larger code cache with -XX:ReservedCodeCacheSize=
#   JVM is running with Zero Based Compressed Oops mode in which the Java heap is
#     placed in the first 32GB address space. The Java Heap base address is the
#     maximum limit for the native heap growth. Please use -XX:HeapBaseMinAddress
#     to set the Java Heap base and to place the Java Heap above 32GB virtual address.
# This output file may be truncated or incomplete.
#
#  Out of Memory Error (memory/allocation.inline.hpp:61), pid=22608, tid=0x0000000000008560
#
# JRE version:  (8.0_221-b11) (build )
# Java VM: Java HotSpot(TM) 64-Bit Server VM (25.221-b11 mixed mode windows-amd64 compressed oops)
# Failed to write core dump. Minidumps are not enabled by default on client versions of Windows
#

---------------  T H R E A D  ---------------

Current thread (0x0000000002aca800):  JavaThread "Unknown thread" [_thread_in_vm, id=34144, stack(0x00000000029c0000,0x0000000002ac0000)]

Stack: [0x00000000029c0000,0x0000000002ac0000]
[error occurred during error reporting (printing stack bounds), id 0xc0000005]

Native frames: (J=compiled Java code, j=interpreted, Vv=VM code, C=native code)


---------------  P R O C E S S  ---------------

Java Threads: ( => current thread )

Other Threads:

=>0x0000000002aca800 (exited) JavaThread "Unknown thread" [_thread_in_vm, id=34144, stack(0x00000000029c0000,0x0000000002ac0000)]

VM state:not at safepoint (normal execution)

VM Mutex/Monitor currently owned by a thread: None

heap address: 0x0000000642000000, size: 6112 MB, Compressed Oops mode: Zero based, Oop shift amount: 3
Narrow klass base: 0x0000000000000000, Narrow klass shift: 3
Compressed class space size: 1073741824 Address: 0x00000007c0000000

Heap:
 PSYoungGen      total 114176K, used 1966K [0x0000000740b00000, 0x0000000748a00000, 0x00000007c0000000)
  eden space 98304K, 2% used [0x0000000740b00000,0x0000000740ceb860,0x0000000746b00000)
  from space 15872K, 0% used [0x0000000747a80000,0x0000000747a80000,0x0000000748a00000)
  to   space 15872K, 0% used [0x0000000746b00000,0x0000000746b00000,0x0000000747a80000)
 ParOldGen       total 261120K, used 0K [0x0000000642000000, 0x0000000651f00000, 0x0000000740b00000)
  object space 261120K, 0% used [0x0000000642000000,0x0000000642000000,0x0000000651f00000)
 Metaspace       used 776K, capacity 4480K, committed 4480K, reserved 1056768K
  class space    used 76K, capacity 384K, committed 384K, reserved 1048576K

Card table byte_map: [0x0000000012130000,0x0000000012d30000] byte_map_base: 0x000000000ef20000

Marking Bits: (ParMarkBitMap*) 0x0000000066575ce0
 Begin Bits: [0x0000000014230000, 0x000000001a1b0000)
 End Bits:   [0x000000001a1b0000, 0x0000000020130000)

Polling page: 0x0000000002910000

CodeCache: size=245760Kb used=327Kb max_used=327Kb free=245432Kb
 bounds [0x0000000002d70000, 0x0000000002fe0000, 0x0000000011d70000]
 total_blobs=57 nmethods=0 adapters=38
 compilation: enabled

Compilation events (0 events):
No events

GC Heap History (0 events):
No events

Deoptimization events (0 events):
No events

Classes redefined (0 events):
No events

Internal exceptions (0 events):
No events

Events (10 events):
Event: 0.155 loading class java/lang/Short
Event: 0.155 loading class java/lang/Short done
Event: 0.155 loading class java/lang/Integer
Event: 0.155 loading class java/lang/Integer done
Event: 0.155 loading class java/lang/Long
Event: 0.155 loading class java/lang/Long done
Event: 0.156 loading class java/lang/NullPointerException
Event: 0.156 loading class java/lang/NullPointerException done
Event: 0.156 loading class java/lang/ArithmeticException
Event: 0.156 loading class java/lang/ArithmeticException done


Dynamic libraries:
0x00007ff60aec0000 - 0x00007ff60aef7000 	D:\编程资料\编程环境\JDK\jdk1.8.0_221\bin\java.exe
0x00007ffaccc00000 - 0x00007ffacce07000 	C:\Windows\SYSTEM32\ntdll.dll
0x00007ffacbe90000 - 0x00007ffacbf4d000 	C:\Windows\System32\KERNEL32.DLL
0x00007ffaca4e0000 - 0x00007ffaca854000 	C:\Windows\System32\KERNELBASE.dll
0x00007ffaccb10000 - 0x00007ffaccbbc000 	C:\Windows\System32\ADVAPI32.dll
0x00007ffacc470000 - 0x00007ffacc513000 	C:\Windows\System32\msvcrt.dll
0x00007ffacaa90000 - 0x00007ffacab2d000 	C:\Windows\System32\sechost.dll
0x00007ffacbc50000 - 0x00007ffacbd71000 	C:\Windows\System32\RPCRT4.dll
0x00007ffacab90000 - 0x00007ffacad3c000 	C:\Windows\System32\USER32.dll
0x00007ffaca390000 - 0x00007ffaca3b6000 	C:\Windows\System32\win32u.dll
0x00007ffacbe60000 - 0x00007ffacbe89000 	C:\Windows\System32\GDI32.dll
0x00007ffaca970000 - 0x00007ffacaa82000 	C:\Windows\System32\gdi32full.dll
0x00007ffaca8d0000 - 0x00007ffaca96d000 	C:\Windows\System32\msvcp_win.dll
0x00007ffaca3c0000 - 0x00007ffaca4d1000 	C:\Windows\System32\ucrtbase.dll
0x00007ffab4ff0000 - 0x00007ffab5295000 	C:\Windows\WinSxS\amd64_microsoft.windows.common-controls_6595b64144ccf1df_6.0.22000.120_none_9d947278b86cc467\COMCTL32.dll
0x00007ffacc930000 - 0x00007ffacc961000 	C:\Windows\System32\IMM32.DLL
0x00000000667d0000 - 0x00000000668a2000 	D:\编程资料\编程环境\JDK\jdk1.8.0_221\jre\bin\msvcr100.dll
0x0000000065d50000 - 0x00000000665f5000 	D:\编程资料\编程环境\JDK\jdk1.8.0_221\jre\bin\server\jvm.dll
0x00007ffacc900000 - 0x00007ffacc908000 	C:\Windows\System32\PSAPI.DLL
0x00007ffab57d0000 - 0x00007ffab57d9000 	C:\Windows\SYSTEM32\WSOCK32.dll
0x00007ffac3290000 - 0x00007ffac32c3000 	C:\Windows\SYSTEM32\WINMM.dll
0x00007ffac1bb0000 - 0x00007ffac1bba000 	C:\Windows\SYSTEM32\VERSION.dll
0x00007ffacbf50000 - 0x00007ffacbfbf000 	C:\Windows\System32\WS2_32.dll
0x00007ffac66a0000 - 0x00007ffac66af000 	D:\编程资料\编程环境\JDK\jdk1.8.0_221\jre\bin\verify.dll
0x00007ffab9af0000 - 0x00007ffab9b19000 	D:\编程资料\编程环境\JDK\jdk1.8.0_221\jre\bin\java.dll
0x00007ffab9a20000 - 0x00007ffab9a43000 	D:\编程资料\编程环境\JDK\jdk1.8.0_221\jre\bin\instrument.dll
0x00007ffaba180000 - 0x00007ffaba196000 	D:\编程资料\编程环境\JDK\jdk1.8.0_221\jre\bin\zip.dll

VM Arguments:
jvm_args: -XX:TieredStopAtLevel=1 -Xverify:none -Dspring.output.ansi.enabled=always -javaagent:E:\IntelliJ IDEA 2021.2.3\lib\idea_rt.jar=54362:E:\IntelliJ IDEA 2021.2.3\bin -Dcom.sun.management.jmxremote -Dspring.jmx.enabled=true -Dspring.liveBeansView.mbeanDomain -Dspring.application.admin.enabled=true -Dfile.encoding=UTF-8 
java_command: com.trkj.framework.ProviderHystrix8007
java_class_path (initial): D:\编程资料\编程环境\JDK\jdk1.8.0_221\jre\lib\charsets.jar;D:\编程资料\编程环境\JDK\jdk1.8.0_221\jre\lib\deploy.jar;D:\编程资料\编程环境\JDK\jdk1.8.0_221\jre\lib\ext\access-bridge-64.jar;D:\编程资料\编程环境\JDK\jdk1.8.0_221\jre\lib\ext\cldrdata.jar;D:\编程资料\编程环境\JDK\jdk1.8.0_221\jre\lib\ext\dnsns.jar;D:\编程资料\编程环境\JDK\jdk1.8.0_221\jre\lib\ext\jaccess.jar;D:\编程资料\编程环境\JDK\jdk1.8.0_221\jre\lib\ext\jfxrt.jar;D:\编程资料\编程环境\JDK\jdk1.8.0_221\jre\lib\ext\localedata.jar;D:\编程资料\编程环境\JDK\jdk1.8.0_221\jre\lib\ext\nashorn.jar;D:\编程资料\编程环境\JDK\jdk1.8.0_221\jre\lib\ext\sunec.jar;D:\编程资料\编程环境\JDK\jdk1.8.0_221\jre\lib\ext\sunjce_provider.jar;D:\编程资料\编程环境\JDK\jdk1.8.0_221\jre\lib\ext\sunmscapi.jar;D:\编程资料\编程环境\JDK\jdk1.8.0_221\jre\lib\ext\sunpkcs11.jar;D:\编程资料\编程环境\JDK\jdk1.8.0_221\jre\lib\ext\zipfs.jar;D:\编程资料\编程环境\JDK\jdk1.8.0_221\jre\lib\javaws.jar;D:\编程资料\编程环境\JDK\jdk1.8.0_221\jre\lib\jce.jar;D:\编程资料\编程环境\JDK\jdk1.8.0_221\jre\lib\jfr.jar;D:\编程资料\编程环境\JDK\jdk1.8.0_221\jre\lib\jfxswt.jar;D:\编程资料\编程环境\JDK\jdk1.8.0_221\jre\lib\jsse.jar;D:\编程资料\编程环境\JDK\jdk1.8.0_221\jre\lib\management-agent.jar;D:\编程资料\编程环境\JDK\jdk1.8.0_221\jre\lib\plugin.jar;D:\编程资料\编程环境\JDK\jdk1.8.0_221\jre\lib\resources.jar;D:\编程资料\编程环境\JDK\jdk1.8.0_221\jre\lib\rt.jar;D:\编程资料\编程项目\IDEA项目\Project\framework_java_project\framework_provider_hystrix_8007\target\classes;E:\jar\org\springframework\cloud\spring-cloud-starter-hystrix\1.4.5.RELEASE\spring-cloud-starter-hystrix-1.4.5.RELEASE.jar;E:\jar\org\springframework\cloud\spring-cloud-starter-netflix-hystrix\2.1.1.RELEASE\spring-cloud-starter-netflix-hystrix-2.1.1.RELEASE.jar;E:\jar\org\springframework\cloud\spring-cloud-starter\2.1.1.RELEASE\spring-cloud-starter-2.1.1.RELEASE.jar;E:\jar\org\springframework\cloud\spring-cloud-context\2.1.1.RELEASE\spring-cloud-context-2.1.1.RELEASE.
Launcher Type: SUN_STANDARD

Environment Variables:
JAVA_HOME=E:\JDK\jdk1.8.0_221
CLASSPATH=.;E:\JDK\jdk1.8.0_221\lib;E:\JDK\jdk1.8.0_221\lib\dt.jar;E:\JDK\jdk1.8.0_221\lib\tools.jar
PATH=E:\VMware\bin\;E:\PLSQL\product\11.2.0\dbhome_1\bin;C:\Windows\system32;C:\Windows;C:\Windows\System32\Wbem;C:\Windows\System32\WindowsPowerShell\v1.0\;C:\Windows\System32\OpenSSH\;C:\Program Files (x86)\NVIDIA Corporation\PhysX\Common;C:\Program Files\NVIDIA Corporation\NVIDIA NvDLISR;C:\Windows\system32;C:\Windows;C:\Windows\System32\Wbem;C:\Windows\System32\WindowsPowerShell\v1.0\;C:\Windows\System32\OpenSSH\;E:\Redis\;C:\Program Files\MySQL\MySQL Utilities 1.6\;E:\MySQL Server 5.7\MySQL Server 5.7\bin;E:\nodejs\;E:\nodejs;E:\nodejs\node_modules;E:\nodejs\node_global\;E:\Git\cmd;E:\JDK\jdk1.8.0_221\bin;E:\JDK\jdk1.8.0_221\jre\bin;E:\Maven\apache-maven-3.8.3\bin;C:\Users\周刘奇\AppData\Local\Programs\Python\Python39\Scripts\;C:\Users\周刘奇\AppData\Local\Programs\Python\Python39\;C:\Users\周刘奇\AppData\Local\Microsoft\WindowsApps;C:\Program Files\Bandizip\;E:\Bandizip\;C:\Users\周刘奇\AppData\Roaming\npm;E:\IntelliJ IDEA 2021.2.3\bin;;E:\WebStorm 2021.2.3\bin;;E:\Microsoft VS Code\bin;
USERNAME=周刘奇
OS=Windows_NT
PROCESSOR_IDENTIFIER=AMD64 Family 23 Model 96 Stepping 1, AuthenticAMD



---------------  S Y S T E M  ---------------

OS: Windows 10.0 , 64 bit Build 22000 (10.0.22000.318)

CPU:total 16 (initial active 16) (16 cores per cpu, 1 threads per core) family 23 model 96 stepping 1, cmov, cx8, fxsr, mmx, sse, sse2, sse3, ssse3, sse4.1, sse4.2, popcnt, avx, avx2, aes, clmul, mmxext, 3dnowpref, lzcnt, sse4a, tsc, tscinvbit, tscinv, bmi1

Memory: 4k page, physical 25032004k(6209880k free), swap 38139200k(4044k free)

vm_info: Java HotSpot(TM) 64-Bit Server VM (25.221-b11) for windows-amd64 JRE (1.8.0_221-b11), built on Jul  4 2019 04:39:29 by "java_re" with MS VC++ 10.0 (VS2010)

time: Mon Dec 06 11:51:07 2021
timezone: 中国标准时间
elapsed time: 0 seconds (0d 0h 0m 0s)

